Created elasticsearch keystore in /usr/share/elasticsearch/config/elasticsearch.keystore
Start Nginx server...
Nginx server is started!
nginx: [warn] the "user" directive makes sense only if the master process runs with super-user privileges, ignored in /etc/nginx/nginx.conf:5
Jun 25, 2024 9:14:59 PM sun.util.locale.provider.LocaleProviderAdapter <clinit>
WARNING: COMPAT locale provider will be removed in a future release
{"type": "server", "timestamp": "2024-06-25T21:15:01,246Z", "level": "INFO", "component": "o.e.n.Node", "cluster.name": "metronome", "node.name": "metronome-master-1", "message": "version[7.17.18], pid[7], build[default/docker/8682172c2130b9a411b1bd5ff37c9792367de6b0/2024-02-02T12:04:59.691750271Z], OS[Linux/5.10.177-158.645.amzn2.x86_64/amd64], JVM[Oracle Corporation/OpenJDK 64-Bit Server VM/21.0.2/21.0.2+13-58]" }
{"type": "server", "timestamp": "2024-06-25T21:15:01,250Z", "level": "INFO", "component": "o.e.n.Node", "cluster.name": "metronome", "node.name": "metronome-master-1", "message": "JVM home [/usr/share/elasticsearch/jdk], using bundled JDK [true]" }
{"type": "server", "timestamp": "2024-06-25T21:15:01,250Z", "level": "INFO", "component": "o.e.n.Node", "cluster.name": "metronome", "node.name": "metronome-master-1", "message": "JVM arguments [-Xshare:auto, -Des.networkaddress.cache.ttl=60, -Des.networkaddress.cache.negative.ttl=10, -XX:+AlwaysPreTouch, -Xss1m, -Djava.awt.headless=true, -Dfile.encoding=UTF-8, -Djna.nosys=true, -XX:-OmitStackTraceInFastThrow, -XX:+ShowCodeDetailsInExceptionMessages, -Dio.netty.noUnsafe=true, -Dio.netty.noKeySetOptimization=true, -Dio.netty.recycler.maxCapacityPerThread=0, -Dio.netty.allocator.numDirectArenas=0, -Dlog4j.shutdownHookEnabled=false, -Dlog4j2.disable.jmx=true, -Dlog4j2.formatMsgNoLookups=true, -Djava.locale.providers=SPI,COMPAT, --add-opens=java.base/java.io=ALL-UNNAMED, -Djava.security.manager=allow, -XX:+UseG1GC, -Djava.io.tmpdir=/tmp/elasticsearch-14718076993370226425, -XX:+HeapDumpOnOutOfMemoryError, -XX:+ExitOnOutOfMemoryError, -XX:HeapDumpPath=data, -XX:ErrorFile=logs/hs_err_pid%p.log, -Xlog:gc*,gc+age=trace,safepoint:file=logs/gc.log:utctime,pid,tags:filecount=32,filesize=64m, -Des.cgroups.hierarchy.override=/, -Xms1024m, -Xmx1024m, -XX:MaxDirectMemorySize=536870912, -XX:G1HeapRegionSize=4m, -XX:InitiatingHeapOccupancyPercent=30, -XX:G1ReservePercent=15, -Des.path.home=/usr/share/elasticsearch, -Des.path.conf=/usr/share/elasticsearch/config, -Des.distribution.flavor=default, -Des.distribution.type=docker, -Des.bundled_jdk=true]" }
{"type": "server", "timestamp": "2024-06-25T21:15:06,669Z", "level": "INFO", "component": "o.e.p.PluginsService", "cluster.name": "metronome", "node.name": "metronome-master-1", "message": "loaded module [aggs-matrix-stats]" }
{"type": "server", "timestamp": "2024-06-25T21:15:06,670Z", "level": "INFO", "component": "o.e.p.PluginsService", "cluster.name": "metronome", "node.name": "metronome-master-1", "message": "loaded module [analysis-common]" }
{"type": "server", "timestamp": "2024-06-25T21:15:06,670Z", "level": "INFO", "component": "o.e.p.PluginsService", "cluster.name": "metronome", "node.name": "metronome-master-1", "message": "loaded module [constant-keyword]" }
{"type": "server", "timestamp": "2024-06-25T21:15:06,670Z", "level": "INFO", "component": "o.e.p.PluginsService", "cluster.name": "metronome", "node.name": "metronome-master-1", "message": "loaded module [frozen-indices]" }
{"type": "server", "timestamp": "2024-06-25T21:15:06,671Z", "level": "INFO", "component": "o.e.p.PluginsService", "cluster.name": "metronome", "node.name": "metronome-master-1", "message": "loaded module [ingest-common]" }
{"type": "server", "timestamp": "2024-06-25T21:15:06,671Z", "level": "INFO", "component": "o.e.p.PluginsService", "cluster.name": "metronome", "node.name": "metronome-master-1", "message": "loaded module [ingest-geoip]" }
{"type": "server", "timestamp": "2024-06-25T21:15:06,671Z", "level": "INFO", "component": "o.e.p.PluginsService", "cluster.name": "metronome", "node.name": "metronome-master-1", "message": "loaded module [ingest-user-agent]" }
{"type": "server", "timestamp": "2024-06-25T21:15:06,671Z", "level": "INFO", "component": "o.e.p.PluginsService", "cluster.name": "metronome", "node.name": "metronome-master-1", "message": "loaded module [kibana]" }
{"type": "server", "timestamp": "2024-06-25T21:15:06,671Z", "level": "INFO", "component": "o.e.p.PluginsService", "cluster.name": "metronome", "node.name": "metronome-master-1", "message": "loaded module [lang-expression]" }
{"type": "server", "timestamp": "2024-06-25T21:15:06,671Z", "level": "INFO", "component": "o.e.p.PluginsService", "cluster.name": "metronome", "node.name": "metronome-master-1", "message": "loaded module [lang-mustache]" }
{"type": "server", "timestamp": "2024-06-25T21:15:06,672Z", "level": "INFO", "component": "o.e.p.PluginsService", "cluster.name": "metronome", "node.name": "metronome-master-1", "message": "loaded module [lang-painless]" }
{"type": "server", "timestamp": "2024-06-25T21:15:06,672Z", "level": "INFO", "component": "o.e.p.PluginsService", "cluster.name": "metronome", "node.name": "metronome-master-1", "message": "loaded module [legacy-geo]" }
{"type": "server", "timestamp": "2024-06-25T21:15:06,672Z", "level": "INFO", "component": "o.e.p.PluginsService", "cluster.name": "metronome", "node.name": "metronome-master-1", "message": "loaded module [mapper-extras]" }
{"type": "server", "timestamp": "2024-06-25T21:15:06,672Z", "level": "INFO", "component": "o.e.p.PluginsService", "cluster.name": "metronome", "node.name": "metronome-master-1", "message": "loaded module [mapper-version]" }
{"type": "server", "timestamp": "2024-06-25T21:15:06,672Z", "level": "INFO", "component": "o.e.p.PluginsService", "cluster.name": "metronome", "node.name": "metronome-master-1", "message": "loaded module [parent-join]" }
{"type": "server", "timestamp": "2024-06-25T21:15:06,673Z", "level": "INFO", "component": "o.e.p.PluginsService", "cluster.name": "metronome", "node.name": "metronome-master-1", "message": "loaded module [percolator]" }
{"type": "server", "timestamp": "2024-06-25T21:15:06,673Z", "level": "INFO", "component": "o.e.p.PluginsService", "cluster.name": "metronome", "node.name": "metronome-master-1", "message": "loaded module [rank-eval]" }
{"type": "server", "timestamp": "2024-06-25T21:15:06,673Z", "level": "INFO", "component": "o.e.p.PluginsService", "cluster.name": "metronome", "node.name": "metronome-master-1", "message": "loaded module [reindex]" }
{"type": "server", "timestamp": "2024-06-25T21:15:06,673Z", "level": "INFO", "component": "o.e.p.PluginsService", "cluster.name": "metronome", "node.name": "metronome-master-1", "message": "loaded module [repositories-metering-api]" }
{"type": "server", "timestamp": "2024-06-25T21:15:06,673Z", "level": "INFO", "component": "o.e.p.PluginsService", "cluster.name": "metronome", "node.name": "metronome-master-1", "message": "loaded module [repository-encrypted]" }
{"type": "server", "timestamp": "2024-06-25T21:15:06,673Z", "level": "INFO", "component": "o.e.p.PluginsService", "cluster.name": "metronome", "node.name": "metronome-master-1", "message": "loaded module [repository-url]" }
{"type": "server", "timestamp": "2024-06-25T21:15:06,674Z", "level": "INFO", "component": "o.e.p.PluginsService", "cluster.name": "metronome", "node.name": "metronome-master-1", "message": "loaded module [runtime-fields-common]" }
{"type": "server", "timestamp": "2024-06-25T21:15:06,735Z", "level": "INFO", "component": "o.e.p.PluginsService", "cluster.name": "metronome", "node.name": "metronome-master-1", "message": "loaded module [search-business-rules]" }
{"type": "server", "timestamp": "2024-06-25T21:15:06,735Z", "level": "INFO", "component": "o.e.p.PluginsService", "cluster.name": "metronome", "node.name": "metronome-master-1", "message": "loaded module [searchable-snapshots]" }
{"type": "server", "timestamp": "2024-06-25T21:15:06,735Z", "level": "INFO", "component": "o.e.p.PluginsService", "cluster.name": "metronome", "node.name": "metronome-master-1", "message": "loaded module [snapshot-repo-test-kit]" }
{"type": "server", "timestamp": "2024-06-25T21:15:06,736Z", "level": "INFO", "component": "o.e.p.PluginsService", "cluster.name": "metronome", "node.name": "metronome-master-1", "message": "loaded module [spatial]" }
{"type": "server", "timestamp": "2024-06-25T21:15:06,736Z", "level": "INFO", "component": "o.e.p.PluginsService", "cluster.name": "metronome", "node.name": "metronome-master-1", "message": "loaded module [transform]" }
{"type": "server", "timestamp": "2024-06-25T21:15:06,736Z", "level": "INFO", "component": "o.e.p.PluginsService", "cluster.name": "metronome", "node.name": "metronome-master-1", "message": "loaded module [transport-netty4]" }
{"type": "server", "timestamp": "2024-06-25T21:15:06,736Z", "level": "INFO", "component": "o.e.p.PluginsService", "cluster.name": "metronome", "node.name": "metronome-master-1", "message": "loaded module [unsigned-long]" }
{"type": "server", "timestamp": "2024-06-25T21:15:06,736Z", "level": "INFO", "component": "o.e.p.PluginsService", "cluster.name": "metronome", "node.name": "metronome-master-1", "message": "loaded module [vector-tile]" }
{"type": "server", "timestamp": "2024-06-25T21:15:06,737Z", "level": "INFO", "component": "o.e.p.PluginsService", "cluster.name": "metronome", "node.name": "metronome-master-1", "message": "loaded module [vectors]" }
{"type": "server", "timestamp": "2024-06-25T21:15:06,737Z", "level": "INFO", "component": "o.e.p.PluginsService", "cluster.name": "metronome", "node.name": "metronome-master-1", "message": "loaded module [wildcard]" }
{"type": "server", "timestamp": "2024-06-25T21:15:06,737Z", "level": "INFO", "component": "o.e.p.PluginsService", "cluster.name": "metronome", "node.name": "metronome-master-1", "message": "loaded module [x-pack-aggregate-metric]" }
{"type": "server", "timestamp": "2024-06-25T21:15:06,737Z", "level": "INFO", "component": "o.e.p.PluginsService", "cluster.name": "metronome", "node.name": "metronome-master-1", "message": "loaded module [x-pack-analytics]" }
{"type": "server", "timestamp": "2024-06-25T21:15:06,737Z", "level": "INFO", "component": "o.e.p.PluginsService", "cluster.name": "metronome", "node.name": "metronome-master-1", "message": "loaded module [x-pack-async]" }
{"type": "server", "timestamp": "2024-06-25T21:15:06,738Z", "level": "INFO", "component": "o.e.p.PluginsService", "cluster.name": "metronome", "node.name": "metronome-master-1", "message": "loaded module [x-pack-async-search]" }
{"type": "server", "timestamp": "2024-06-25T21:15:06,738Z", "level": "INFO", "component": "o.e.p.PluginsService", "cluster.name": "metronome", "node.name": "metronome-master-1", "message": "loaded module [x-pack-autoscaling]" }
{"type": "server", "timestamp": "2024-06-25T21:15:06,738Z", "level": "INFO", "component": "o.e.p.PluginsService", "cluster.name": "metronome", "node.name": "metronome-master-1", "message": "loaded module [x-pack-ccr]" }
{"type": "server", "timestamp": "2024-06-25T21:15:06,738Z", "level": "INFO", "component": "o.e.p.PluginsService", "cluster.name": "metronome", "node.name": "metronome-master-1", "message": "loaded module [x-pack-core]" }
{"type": "server", "timestamp": "2024-06-25T21:15:06,738Z", "level": "INFO", "component": "o.e.p.PluginsService", "cluster.name": "metronome", "node.name": "metronome-master-1", "message": "loaded module [x-pack-data-streams]" }
{"type": "server", "timestamp": "2024-06-25T21:15:06,739Z", "level": "INFO", "component": "o.e.p.PluginsService", "cluster.name": "metronome", "node.name": "metronome-master-1", "message": "loaded module [x-pack-deprecation]" }
{"type": "server", "timestamp": "2024-06-25T21:15:06,739Z", "level": "INFO", "component": "o.e.p.PluginsService", "cluster.name": "metronome", "node.name": "metronome-master-1", "message": "loaded module [x-pack-enrich]" }
{"type": "server", "timestamp": "2024-06-25T21:15:06,739Z", "level": "INFO", "component": "o.e.p.PluginsService", "cluster.name": "metronome", "node.name": "metronome-master-1", "message": "loaded module [x-pack-eql]" }
{"type": "server", "timestamp": "2024-06-25T21:15:06,739Z", "level": "INFO", "component": "o.e.p.PluginsService", "cluster.name": "metronome", "node.name": "metronome-master-1", "message": "loaded module [x-pack-fleet]" }
{"type": "server", "timestamp": "2024-06-25T21:15:06,739Z", "level": "INFO", "component": "o.e.p.PluginsService", "cluster.name": "metronome", "node.name": "metronome-master-1", "message": "loaded module [x-pack-graph]" }
{"type": "server", "timestamp": "2024-06-25T21:15:06,739Z", "level": "INFO", "component": "o.e.p.PluginsService", "cluster.name": "metronome", "node.name": "metronome-master-1", "message": "loaded module [x-pack-identity-provider]" }
{"type": "server", "timestamp": "2024-06-25T21:15:06,740Z", "level": "INFO", "component": "o.e.p.PluginsService", "cluster.name": "metronome", "node.name": "metronome-master-1", "message": "loaded module [x-pack-ilm]" }
{"type": "server", "timestamp": "2024-06-25T21:15:06,740Z", "level": "INFO", "component": "o.e.p.PluginsService", "cluster.name": "metronome", "node.name": "metronome-master-1", "message": "loaded module [x-pack-logstash]" }
{"type": "server", "timestamp": "2024-06-25T21:15:06,740Z", "level": "INFO", "component": "o.e.p.PluginsService", "cluster.name": "metronome", "node.name": "metronome-master-1", "message": "loaded module [x-pack-ml]" }
{"type": "server", "timestamp": "2024-06-25T21:15:06,740Z", "level": "INFO", "component": "o.e.p.PluginsService", "cluster.name": "metronome", "node.name": "metronome-master-1", "message": "loaded module [x-pack-monitoring]" }
{"type": "server", "timestamp": "2024-06-25T21:15:06,740Z", "level": "INFO", "component": "o.e.p.PluginsService", "cluster.name": "metronome", "node.name": "metronome-master-1", "message": "loaded module [x-pack-ql]" }
{"type": "server", "timestamp": "2024-06-25T21:15:06,741Z", "level": "INFO", "component": "o.e.p.PluginsService", "cluster.name": "metronome", "node.name": "metronome-master-1", "message": "loaded module [x-pack-rollup]" }
{"type": "server", "timestamp": "2024-06-25T21:15:06,741Z", "level": "INFO", "component": "o.e.p.PluginsService", "cluster.name": "metronome", "node.name": "metronome-master-1", "message": "loaded module [x-pack-security]" }
{"type": "server", "timestamp": "2024-06-25T21:15:06,741Z", "level": "INFO", "component": "o.e.p.PluginsService", "cluster.name": "metronome", "node.name": "metronome-master-1", "message": "loaded module [x-pack-shutdown]" }
{"type": "server", "timestamp": "2024-06-25T21:15:06,741Z", "level": "INFO", "component": "o.e.p.PluginsService", "cluster.name": "metronome", "node.name": "metronome-master-1", "message": "loaded module [x-pack-sql]" }
{"type": "server", "timestamp": "2024-06-25T21:15:06,741Z", "level": "INFO", "component": "o.e.p.PluginsService", "cluster.name": "metronome", "node.name": "metronome-master-1", "message": "loaded module [x-pack-stack]" }
{"type": "server", "timestamp": "2024-06-25T21:15:06,742Z", "level": "INFO", "component": "o.e.p.PluginsService", "cluster.name": "metronome", "node.name": "metronome-master-1", "message": "loaded module [x-pack-text-structure]" }
{"type": "server", "timestamp": "2024-06-25T21:15:06,742Z", "level": "INFO", "component": "o.e.p.PluginsService", "cluster.name": "metronome", "node.name": "metronome-master-1", "message": "loaded module [x-pack-voting-only-node]" }
{"type": "server", "timestamp": "2024-06-25T21:15:06,742Z", "level": "INFO", "component": "o.e.p.PluginsService", "cluster.name": "metronome", "node.name": "metronome-master-1", "message": "loaded module [x-pack-watcher]" }
{"type": "server", "timestamp": "2024-06-25T21:15:06,743Z", "level": "INFO", "component": "o.e.p.PluginsService", "cluster.name": "metronome", "node.name": "metronome-master-1", "message": "no plugins loaded" }
{"type": "server", "timestamp": "2024-06-25T21:15:06,772Z", "level": "INFO", "component": "o.e.e.NodeEnvironment", "cluster.name": "metronome", "node.name": "metronome-master-1", "message": "using [1] data paths, mounts [[/usr/share/elasticsearch/data (/dev/nvme2n1)]], net usable_space [29.3gb], net total_space [29.3gb], types [ext4]" }
{"type": "server", "timestamp": "2024-06-25T21:15:06,773Z", "level": "INFO", "component": "o.e.e.NodeEnvironment", "cluster.name": "metronome", "node.name": "metronome-master-1", "message": "heap size [1gb], compressed ordinary object pointers [true]" }
{"type": "server", "timestamp": "2024-06-25T21:15:07,080Z", "level": "INFO", "component": "o.e.n.Node", "cluster.name": "metronome", "node.name": "metronome-master-1", "message": "node name [metronome-master-1], node ID [IoeugadkQl-sktd1-0VM6Q], cluster name [metronome], roles [transform, master, remote_cluster_client, data, ml, data_content, data_hot, data_warm, data_cold, ingest]" }
{"type": "server", "timestamp": "2024-06-25T21:15:18,873Z", "level": "INFO", "component": "o.e.i.g.ConfigDatabases", "cluster.name": "metronome", "node.name": "metronome-master-1", "message": "initialized default databases [[GeoLite2-Country.mmdb, GeoLite2-City.mmdb, GeoLite2-ASN.mmdb]], config databases [[]] and watching [/usr/share/elasticsearch/config/ingest-geoip] for changes" }
{"type": "server", "timestamp": "2024-06-25T21:15:18,875Z", "level": "INFO", "component": "o.e.i.g.DatabaseNodeService", "cluster.name": "metronome", "node.name": "metronome-master-1", "message": "initialized database registry, using geoip-databases directory [/tmp/elasticsearch-14718076993370226425/geoip-databases/IoeugadkQl-sktd1-0VM6Q]" }
{"type": "server", "timestamp": "2024-06-25T21:15:19,860Z", "level": "INFO", "component": "o.e.t.NettyAllocator", "cluster.name": "metronome", "node.name": "metronome-master-1", "message": "creating NettyAllocator with the following configs: [name=unpooled, suggested_max_allocation_size=1mb, factors={es.unsafe.use_unpooled_allocator=null, g1gc_enabled=true, g1gc_region_size=4mb, heap_size=1gb}]" }
{"type": "server", "timestamp": "2024-06-25T21:15:19,944Z", "level": "INFO", "component": "o.e.i.r.RecoverySettings", "cluster.name": "metronome", "node.name": "metronome-master-1", "message": "using rate limit [40mb] with [default=40mb, read=0b, write=0b, max=0b]" }
{"type": "server", "timestamp": "2024-06-25T21:15:19,975Z", "level": "INFO", "component": "o.e.d.DiscoveryModule", "cluster.name": "metronome", "node.name": "metronome-master-1", "message": "using discovery type [zen] and seed hosts providers [settings]" }
{"type": "server", "timestamp": "2024-06-25T21:15:20,942Z", "level": "INFO", "component": "o.e.g.DanglingIndicesState", "cluster.name": "metronome", "node.name": "metronome-master-1", "message": "gateway.auto_import_dangling_indices is disabled, dangling indices will not be automatically detected or imported and must be managed manually" }
{"type": "server", "timestamp": "2024-06-25T21:15:21,963Z", "level": "INFO", "component": "o.e.n.Node", "cluster.name": "metronome", "node.name": "metronome-master-1", "message": "initialized" }
{"type": "server", "timestamp": "2024-06-25T21:15:21,963Z", "level": "INFO", "component": "o.e.n.Node", "cluster.name": "metronome", "node.name": "metronome-master-1", "message": "starting ..." }
{"type": "server", "timestamp": "2024-06-25T21:15:22,054Z", "level": "INFO", "component": "o.e.x.s.c.f.PersistentCache", "cluster.name": "metronome", "node.name": "metronome-master-1", "message": "persistent cache index loaded" }
{"type": "server", "timestamp": "2024-06-25T21:15:22,054Z", "level": "INFO", "component": "o.e.x.d.l.DeprecationIndexingComponent", "cluster.name": "metronome", "node.name": "metronome-master-1", "message": "deprecation component started" }
{"type": "server", "timestamp": "2024-06-25T21:15:22,247Z", "level": "INFO", "component": "o.e.t.TransportService", "cluster.name": "metronome", "node.name": "metronome-master-1", "message": "publish_address {192.168.69.241:9300}, bound_addresses {[::]:9300}" }
{"type": "server", "timestamp": "2024-06-25T21:15:23,744Z", "level": "INFO", "component": "o.e.b.BootstrapChecks", "cluster.name": "metronome", "node.name": "metronome-master-1", "message": "bound or publishing to a non-loopback address, enforcing bootstrap checks" }
{"type": "server", "timestamp": "2024-06-25T21:15:23,747Z", "level": "INFO", "component": "o.e.c.c.Coordinator", "cluster.name": "metronome", "node.name": "metronome-master-1", "message": "cluster UUID [5mhYGyMsTcWw8KBrK1Tnrw]" }
{"type": "server", "timestamp": "2024-06-25T21:15:24,271Z", "level": "INFO", "component": "o.e.c.s.ClusterApplierService", "cluster.name": "metronome", "node.name": "metronome-master-1", "message": "master node changed {previous [], current [{metronome-master-0}{krXOj3SKQU2zVqLQcTxyCQ}{ybhN3R0FSnyU230WcHjNLA}{192.168.37.60}{192.168.37.60:9300}{cdhilmrstw}]}, added {{metronome-master-0}{krXOj3SKQU2zVqLQcTxyCQ}{ybhN3R0FSnyU230WcHjNLA}{192.168.37.60}{192.168.37.60:9300}{cdhilmrstw}}, term: 108, version: 14733, reason: ApplyCommitRequest{term=108, version=14733, sourceNode={metronome-master-0}{krXOj3SKQU2zVqLQcTxyCQ}{ybhN3R0FSnyU230WcHjNLA}{192.168.37.60}{192.168.37.60:9300}{cdhilmrstw}{xpack.installed=true, transform.node=true}}" }
{"type": "server", "timestamp": "2024-06-25T21:15:24,280Z", "level": "INFO", "component": "o.e.i.g.DatabaseNodeService", "cluster.name": "metronome", "node.name": "metronome-master-1", "message": "retrieve geoip database [GeoLite2-Country.mmdb] from [.geoip_databases] to [/tmp/elasticsearch-14718076993370226425/geoip-databases/IoeugadkQl-sktd1-0VM6Q/GeoLite2-Country.mmdb.tmp.gz]" }
{"type": "server", "timestamp": "2024-06-25T21:15:24,281Z", "level": "INFO", "component": "o.e.i.g.DatabaseNodeService", "cluster.name": "metronome", "node.name": "metronome-master-1", "message": "retrieve geoip database [GeoLite2-City.mmdb] from [.geoip_databases] to [/tmp/elasticsearch-14718076993370226425/geoip-databases/IoeugadkQl-sktd1-0VM6Q/GeoLite2-City.mmdb.tmp.gz]" }
{"type": "server", "timestamp": "2024-06-25T21:15:24,281Z", "level": "INFO", "component": "o.e.i.g.DatabaseNodeService", "cluster.name": "metronome", "node.name": "metronome-master-1", "message": "retrieve geoip database [GeoLite2-ASN.mmdb] from [.geoip_databases] to [/tmp/elasticsearch-14718076993370226425/geoip-databases/IoeugadkQl-sktd1-0VM6Q/GeoLite2-ASN.mmdb.tmp.gz]" }
{"type": "server", "timestamp": "2024-06-25T21:15:24,288Z", "level": "ERROR", "component": "o.e.i.g.DatabaseNodeService", "cluster.name": "metronome", "node.name": "metronome-master-1", "message": "failed to retrieve database [GeoLite2-ASN.mmdb]", 
"stacktrace": ["org.elasticsearch.cluster.block.ClusterBlockException: blocked by: [SERVICE_UNAVAILABLE/1/state not recovered / initialized];",
"at org.elasticsearch.cluster.block.ClusterBlocks.globalBlockedException(ClusterBlocks.java:179) ~[elasticsearch-7.17.18.jar:7.17.18]",
"at org.elasticsearch.cluster.block.ClusterBlocks.globalBlockedRaiseException(ClusterBlocks.java:165) ~[elasticsearch-7.17.18.jar:7.17.18]",
"at org.elasticsearch.action.search.TransportSearchAction.executeSearch(TransportSearchAction.java:929) ~[elasticsearch-7.17.18.jar:7.17.18]",
"at org.elasticsearch.action.search.TransportSearchAction.executeLocalSearch(TransportSearchAction.java:763) ~[elasticsearch-7.17.18.jar:7.17.18]",
"at org.elasticsearch.action.search.TransportSearchAction.lambda$executeRequest$6(TransportSearchAction.java:399) ~[elasticsearch-7.17.18.jar:7.17.18]",
"at org.elasticsearch.action.ActionListener$1.onResponse(ActionListener.java:136) ~[elasticsearch-7.17.18.jar:7.17.18]",
"at org.elasticsearch.index.query.Rewriteable.rewriteAndFetch(Rewriteable.java:112) ~[elasticsearch-7.17.18.jar:7.17.18]",
"at org.elasticsearch.index.query.Rewriteable.rewriteAndFetch(Rewriteable.java:77) ~[elasticsearch-7.17.18.jar:7.17.18]",
"at org.elasticsearch.action.search.TransportSearchAction.executeRequest(TransportSearchAction.java:487) ~[elasticsearch-7.17.18.jar:7.17.18]",
"at org.elasticsearch.action.search.TransportSearchAction.doExecute(TransportSearchAction.java:285) ~[elasticsearch-7.17.18.jar:7.17.18]",
"at org.elasticsearch.action.search.TransportSearchAction.doExecute(TransportSearchAction.java:101) ~[elasticsearch-7.17.18.jar:7.17.18]",
"at org.elasticsearch.action.support.TransportAction$RequestFilterChain.proceed(TransportAction.java:186) ~[elasticsearch-7.17.18.jar:7.17.18]",
"at org.elasticsearch.action.support.TransportAction.execute(TransportAction.java:161) ~[elasticsearch-7.17.18.jar:7.17.18]",
"at org.elasticsearch.action.support.TransportAction.execute(TransportAction.java:82) ~[elasticsearch-7.17.18.jar:7.17.18]",
"at org.elasticsearch.client.node.NodeClient.executeLocally(NodeClient.java:95) ~[elasticsearch-7.17.18.jar:7.17.18]",
"at org.elasticsearch.client.node.NodeClient.doExecute(NodeClient.java:73) ~[elasticsearch-7.17.18.jar:7.17.18]",
"at org.elasticsearch.client.support.AbstractClient.execute(AbstractClient.java:407) ~[elasticsearch-7.17.18.jar:7.17.18]",
"at org.elasticsearch.client.FilterClient.doExecute(FilterClient.java:57) ~[elasticsearch-7.17.18.jar:7.17.18]",
"at org.elasticsearch.client.OriginSettingClient.doExecute(OriginSettingClient.java:51) ~[elasticsearch-7.17.18.jar:7.17.18]",
"at org.elasticsearch.client.support.AbstractClient.execute(AbstractClient.java:407) ~[elasticsearch-7.17.18.jar:7.17.18]",
"at org.elasticsearch.client.support.AbstractClient.execute(AbstractClient.java:392) ~[elasticsearch-7.17.18.jar:7.17.18]",
"at org.elasticsearch.client.support.AbstractClient.search(AbstractClient.java:542) ~[elasticsearch-7.17.18.jar:7.17.18]",
"at org.elasticsearch.ingest.geoip.DatabaseNodeService.lambda$retrieveDatabase$11(DatabaseNodeService.java:376) [ingest-geoip-7.17.18.jar:7.17.18]",
"at org.elasticsearch.common.util.concurrent.ThreadContext$ContextPreservingRunnable.run(ThreadContext.java:718) [elasticsearch-7.17.18.jar:7.17.18]",
"at java.util.concurrent.ThreadPoolExecutor.runWorker(ThreadPoolExecutor.java:1144) [?:?]",
"at java.util.concurrent.ThreadPoolExecutor$Worker.run(ThreadPoolExecutor.java:642) [?:?]",
"at java.lang.Thread.run(Thread.java:1583) [?:?]"] }
{"type": "server", "timestamp": "2024-06-25T21:15:24,335Z", "level": "ERROR", "component": "o.e.i.g.DatabaseNodeService", "cluster.name": "metronome", "node.name": "metronome-master-1", "message": "failed to retrieve database [GeoLite2-Country.mmdb]", 
"stacktrace": ["org.elasticsearch.cluster.block.ClusterBlockException: blocked by: [SERVICE_UNAVAILABLE/1/state not recovered / initialized];",
"at org.elasticsearch.cluster.block.ClusterBlocks.globalBlockedException(ClusterBlocks.java:179) ~[elasticsearch-7.17.18.jar:7.17.18]",
"at org.elasticsearch.cluster.block.ClusterBlocks.globalBlockedRaiseException(ClusterBlocks.java:165) ~[elasticsearch-7.17.18.jar:7.17.18]",
"at org.elasticsearch.action.search.TransportSearchAction.executeSearch(TransportSearchAction.java:929) ~[elasticsearch-7.17.18.jar:7.17.18]",
"at org.elasticsearch.action.search.TransportSearchAction.executeLocalSearch(TransportSearchAction.java:763) ~[elasticsearch-7.17.18.jar:7.17.18]",
"at org.elasticsearch.action.search.TransportSearchAction.lambda$executeRequest$6(TransportSearchAction.java:399) ~[elasticsearch-7.17.18.jar:7.17.18]",
"at org.elasticsearch.action.ActionListener$1.onResponse(ActionListener.java:136) ~[elasticsearch-7.17.18.jar:7.17.18]",
"at org.elasticsearch.index.query.Rewriteable.rewriteAndFetch(Rewriteable.java:112) ~[elasticsearch-7.17.18.jar:7.17.18]",
"at org.elasticsearch.index.query.Rewriteable.rewriteAndFetch(Rewriteable.java:77) ~[elasticsearch-7.17.18.jar:7.17.18]",
"at org.elasticsearch.action.search.TransportSearchAction.executeRequest(TransportSearchAction.java:487) ~[elasticsearch-7.17.18.jar:7.17.18]",
"at org.elasticsearch.action.search.TransportSearchAction.doExecute(TransportSearchAction.java:285) ~[elasticsearch-7.17.18.jar:7.17.18]",
"at org.elasticsearch.action.search.TransportSearchAction.doExecute(TransportSearchAction.java:101) ~[elasticsearch-7.17.18.jar:7.17.18]",
"at org.elasticsearch.action.support.TransportAction$RequestFilterChain.proceed(TransportAction.java:186) ~[elasticsearch-7.17.18.jar:7.17.18]",
"at org.elasticsearch.action.support.TransportAction.execute(TransportAction.java:161) ~[elasticsearch-7.17.18.jar:7.17.18]",
"at org.elasticsearch.action.support.TransportAction.execute(TransportAction.java:82) ~[elasticsearch-7.17.18.jar:7.17.18]",
"at org.elasticsearch.client.node.NodeClient.executeLocally(NodeClient.java:95) ~[elasticsearch-7.17.18.jar:7.17.18]",
"at org.elasticsearch.client.node.NodeClient.doExecute(NodeClient.java:73) ~[elasticsearch-7.17.18.jar:7.17.18]",
"at org.elasticsearch.client.support.AbstractClient.execute(AbstractClient.java:407) ~[elasticsearch-7.17.18.jar:7.17.18]",
"at org.elasticsearch.client.FilterClient.doExecute(FilterClient.java:57) ~[elasticsearch-7.17.18.jar:7.17.18]",
"at org.elasticsearch.client.OriginSettingClient.doExecute(OriginSettingClient.java:51) ~[elasticsearch-7.17.18.jar:7.17.18]",
"at org.elasticsearch.client.support.AbstractClient.execute(AbstractClient.java:407) ~[elasticsearch-7.17.18.jar:7.17.18]",
"at org.elasticsearch.client.support.AbstractClient.execute(AbstractClient.java:392) ~[elasticsearch-7.17.18.jar:7.17.18]",
"at org.elasticsearch.client.support.AbstractClient.search(AbstractClient.java:542) ~[elasticsearch-7.17.18.jar:7.17.18]",
"at org.elasticsearch.ingest.geoip.DatabaseNodeService.lambda$retrieveDatabase$11(DatabaseNodeService.java:376) [ingest-geoip-7.17.18.jar:7.17.18]",
"at org.elasticsearch.common.util.concurrent.ThreadContext$ContextPreservingRunnable.run(ThreadContext.java:718) [elasticsearch-7.17.18.jar:7.17.18]",
"at java.util.concurrent.ThreadPoolExecutor.runWorker(ThreadPoolExecutor.java:1144) [?:?]",
"at java.util.concurrent.ThreadPoolExecutor$Worker.run(ThreadPoolExecutor.java:642) [?:?]",
"at java.lang.Thread.run(Thread.java:1583) [?:?]"] }
{"type": "server", "timestamp": "2024-06-25T21:15:24,338Z", "level": "ERROR", "component": "o.e.i.g.DatabaseNodeService", "cluster.name": "metronome", "node.name": "metronome-master-1", "message": "failed to retrieve database [GeoLite2-City.mmdb]", 
"stacktrace": ["org.elasticsearch.cluster.block.ClusterBlockException: blocked by: [SERVICE_UNAVAILABLE/1/state not recovered / initialized];",
"at org.elasticsearch.cluster.block.ClusterBlocks.globalBlockedException(ClusterBlocks.java:179) ~[elasticsearch-7.17.18.jar:7.17.18]",
"at org.elasticsearch.cluster.block.ClusterBlocks.globalBlockedRaiseException(ClusterBlocks.java:165) ~[elasticsearch-7.17.18.jar:7.17.18]",
"at org.elasticsearch.action.search.TransportSearchAction.executeSearch(TransportSearchAction.java:929) ~[elasticsearch-7.17.18.jar:7.17.18]",
"at org.elasticsearch.action.search.TransportSearchAction.executeLocalSearch(TransportSearchAction.java:763) ~[elasticsearch-7.17.18.jar:7.17.18]",
"at org.elasticsearch.action.search.TransportSearchAction.lambda$executeRequest$6(TransportSearchAction.java:399) ~[elasticsearch-7.17.18.jar:7.17.18]",
"at org.elasticsearch.action.ActionListener$1.onResponse(ActionListener.java:136) ~[elasticsearch-7.17.18.jar:7.17.18]",
"at org.elasticsearch.index.query.Rewriteable.rewriteAndFetch(Rewriteable.java:112) ~[elasticsearch-7.17.18.jar:7.17.18]",
"at org.elasticsearch.index.query.Rewriteable.rewriteAndFetch(Rewriteable.java:77) ~[elasticsearch-7.17.18.jar:7.17.18]",
"at org.elasticsearch.action.search.TransportSearchAction.executeRequest(TransportSearchAction.java:487) ~[elasticsearch-7.17.18.jar:7.17.18]",
"at org.elasticsearch.action.search.TransportSearchAction.doExecute(TransportSearchAction.java:285) ~[elasticsearch-7.17.18.jar:7.17.18]",
"at org.elasticsearch.action.search.TransportSearchAction.doExecute(TransportSearchAction.java:101) ~[elasticsearch-7.17.18.jar:7.17.18]",
"at org.elasticsearch.action.support.TransportAction$RequestFilterChain.proceed(TransportAction.java:186) ~[elasticsearch-7.17.18.jar:7.17.18]",
"at org.elasticsearch.action.support.TransportAction.execute(TransportAction.java:161) ~[elasticsearch-7.17.18.jar:7.17.18]",
"at org.elasticsearch.action.support.TransportAction.execute(TransportAction.java:82) ~[elasticsearch-7.17.18.jar:7.17.18]",
"at org.elasticsearch.client.node.NodeClient.executeLocally(NodeClient.java:95) ~[elasticsearch-7.17.18.jar:7.17.18]",
"at org.elasticsearch.client.node.NodeClient.doExecute(NodeClient.java:73) ~[elasticsearch-7.17.18.jar:7.17.18]",
"at org.elasticsearch.client.support.AbstractClient.execute(AbstractClient.java:407) ~[elasticsearch-7.17.18.jar:7.17.18]",
"at org.elasticsearch.client.FilterClient.doExecute(FilterClient.java:57) ~[elasticsearch-7.17.18.jar:7.17.18]",
"at org.elasticsearch.client.OriginSettingClient.doExecute(OriginSettingClient.java:51) ~[elasticsearch-7.17.18.jar:7.17.18]",
"at org.elasticsearch.client.support.AbstractClient.execute(AbstractClient.java:407) ~[elasticsearch-7.17.18.jar:7.17.18]",
"at org.elasticsearch.client.support.AbstractClient.execute(AbstractClient.java:392) ~[elasticsearch-7.17.18.jar:7.17.18]",
"at org.elasticsearch.client.support.AbstractClient.search(AbstractClient.java:542) ~[elasticsearch-7.17.18.jar:7.17.18]",
"at org.elasticsearch.ingest.geoip.DatabaseNodeService.lambda$retrieveDatabase$11(DatabaseNodeService.java:376) [ingest-geoip-7.17.18.jar:7.17.18]",
"at org.elasticsearch.common.util.concurrent.ThreadContext$ContextPreservingRunnable.run(ThreadContext.java:718) [elasticsearch-7.17.18.jar:7.17.18]",
"at java.util.concurrent.ThreadPoolExecutor.runWorker(ThreadPoolExecutor.java:1144) [?:?]",
"at java.util.concurrent.ThreadPoolExecutor$Worker.run(ThreadPoolExecutor.java:642) [?:?]",
"at java.lang.Thread.run(Thread.java:1583) [?:?]"] }
{"type": "server", "timestamp": "2024-06-25T21:15:24,951Z", "level": "INFO", "component": "o.e.l.LicenseService", "cluster.name": "metronome", "node.name": "metronome-master-1", "message": "license [8c9c841a-fb26-456d-a628-1f8f5214daad] mode [basic] - valid" }
{"type": "server", "timestamp": "2024-06-25T21:15:24,963Z", "level": "INFO", "component": "o.e.h.AbstractHttpServerTransport", "cluster.name": "metronome", "node.name": "metronome-master-1", "message": "publish_address {192.168.69.241:8888}, bound_addresses {[::]:8888}", "cluster.uuid": "5mhYGyMsTcWw8KBrK1Tnrw", "node.id": "IoeugadkQl-sktd1-0VM6Q"  }
{"type": "server", "timestamp": "2024-06-25T21:15:24,963Z", "level": "INFO", "component": "o.e.n.Node", "cluster.name": "metronome", "node.name": "metronome-master-1", "message": "started", "cluster.uuid": "5mhYGyMsTcWw8KBrK1Tnrw", "node.id": "IoeugadkQl-sktd1-0VM6Q"  }
{"type": "server", "timestamp": "2024-06-25T21:15:25,747Z", "level": "INFO", "component": "o.e.i.g.DatabaseNodeService", "cluster.name": "metronome", "node.name": "metronome-master-1", "message": "retrieve geoip database [GeoLite2-Country.mmdb] from [.geoip_databases] to [/tmp/elasticsearch-14718076993370226425/geoip-databases/IoeugadkQl-sktd1-0VM6Q/GeoLite2-Country.mmdb.tmp.gz]", "cluster.uuid": "5mhYGyMsTcWw8KBrK1Tnrw", "node.id": "IoeugadkQl-sktd1-0VM6Q"  }
{"type": "server", "timestamp": "2024-06-25T21:15:25,748Z", "level": "INFO", "component": "o.e.i.g.DatabaseNodeService", "cluster.name": "metronome", "node.name": "metronome-master-1", "message": "retrieve geoip database [GeoLite2-City.mmdb] from [.geoip_databases] to [/tmp/elasticsearch-14718076993370226425/geoip-databases/IoeugadkQl-sktd1-0VM6Q/GeoLite2-City.mmdb.tmp.gz]", "cluster.uuid": "5mhYGyMsTcWw8KBrK1Tnrw", "node.id": "IoeugadkQl-sktd1-0VM6Q"  }
{"type": "server", "timestamp": "2024-06-25T21:15:25,748Z", "level": "INFO", "component": "o.e.i.g.DatabaseNodeService", "cluster.name": "metronome", "node.name": "metronome-master-1", "message": "retrieve geoip database [GeoLite2-ASN.mmdb] from [.geoip_databases] to [/tmp/elasticsearch-14718076993370226425/geoip-databases/IoeugadkQl-sktd1-0VM6Q/GeoLite2-ASN.mmdb.tmp.gz]", "cluster.uuid": "5mhYGyMsTcWw8KBrK1Tnrw", "node.id": "IoeugadkQl-sktd1-0VM6Q"  }
{"type": "server", "timestamp": "2024-06-25T21:15:26,754Z", "level": "INFO", "component": "o.e.i.g.DatabaseNodeService", "cluster.name": "metronome", "node.name": "metronome-master-1", "message": "successfully reloaded changed geoip database file [/tmp/elasticsearch-14718076993370226425/geoip-databases/IoeugadkQl-sktd1-0VM6Q/GeoLite2-Country.mmdb]", "cluster.uuid": "5mhYGyMsTcWw8KBrK1Tnrw", "node.id": "IoeugadkQl-sktd1-0VM6Q"  }
{"type": "server", "timestamp": "2024-06-25T21:15:27,036Z", "level": "INFO", "component": "o.e.i.g.DatabaseNodeService", "cluster.name": "metronome", "node.name": "metronome-master-1", "message": "successfully reloaded changed geoip database file [/tmp/elasticsearch-14718076993370226425/geoip-databases/IoeugadkQl-sktd1-0VM6Q/GeoLite2-ASN.mmdb]", "cluster.uuid": "5mhYGyMsTcWw8KBrK1Tnrw", "node.id": "IoeugadkQl-sktd1-0VM6Q"  }
{"type": "server", "timestamp": "2024-06-25T21:15:28,566Z", "level": "INFO", "component": "o.e.i.g.DatabaseNodeService", "cluster.name": "metronome", "node.name": "metronome-master-1", "message": "successfully reloaded changed geoip database file [/tmp/elasticsearch-14718076993370226425/geoip-databases/IoeugadkQl-sktd1-0VM6Q/GeoLite2-City.mmdb]", "cluster.uuid": "5mhYGyMsTcWw8KBrK1Tnrw", "node.id": "IoeugadkQl-sktd1-0VM6Q"  }
