warning: no-jdk distributions that do not bundle a JDK are deprecated and will be removed in a future release
Start Nginx server...
Nginx server is started!
nginx: [warn] the "user" directive makes sense only if the master process runs with super-user privileges, ignored in /etc/nginx/nginx.conf:5
warning: no-jdk distributions that do not bundle a JDK are deprecated and will be removed in a future release
warning: no-jdk distributions that do not bundle a JDK are deprecated and will be removed in a future release
OpenJDK 64-Bit Server VM warning: Option UseConcMarkSweepGC was deprecated in version 9.0 and will likely be removed in a future release.
{"type": "server", "timestamp": "2024-06-25T20:43:12,026Z", "level": "INFO", "component": "o.e.n.Node", "cluster.name": "elasticsearch", "node.name": "metronome-master-0", "message": "version[7.17.18], pid[1], build[default/tar/8682172c2130b9a411b1bd5ff37c9792367de6b0/2024-02-02T12:04:59.691750271Z], OS[Linux/5.10.177-158.645.amzn2.x86_64/amd64], JVM[Alpine/OpenJDK 64-Bit Server VM/11.0.23/11.0.23+9-alpine-r0]" }
{"type": "server", "timestamp": "2024-06-25T20:43:12,032Z", "level": "INFO", "component": "o.e.n.Node", "cluster.name": "elasticsearch", "node.name": "metronome-master-0", "message": "JVM home [/usr/lib/jvm/java-11-openjdk]" }
{"type": "deprecation", "timestamp": "2024-06-25T20:43:12,036Z", "level": "WARN", "component": "o.e.d.n.Node", "cluster.name": "elasticsearch", "node.name": "metronome-master-0", "message": "no-jdk distributions that do not bundle a JDK are deprecated and will be removed in a future release" }
{"type": "server", "timestamp": "2024-06-25T20:43:12,036Z", "level": "INFO", "component": "o.e.n.Node", "cluster.name": "elasticsearch", "node.name": "metronome-master-0", "message": "JVM arguments [-Xshare:auto, -Des.networkaddress.cache.ttl=60, -Des.networkaddress.cache.negative.ttl=10, -XX:+AlwaysPreTouch, -Xss1m, -Djava.awt.headless=true, -Dfile.encoding=UTF-8, -Djna.nosys=true, -XX:-OmitStackTraceInFastThrow, -Dio.netty.noUnsafe=true, -Dio.netty.noKeySetOptimization=true, -Dio.netty.recycler.maxCapacityPerThread=0, -Dio.netty.allocator.numDirectArenas=0, -Dlog4j.shutdownHookEnabled=false, -Dlog4j2.disable.jmx=true, -Dlog4j2.formatMsgNoLookups=true, -Djava.locale.providers=SPI,COMPAT, --add-opens=java.base/java.io=ALL-UNNAMED, -XX:+UseConcMarkSweepGC, -XX:CMSInitiatingOccupancyFraction=75, -XX:+UseCMSInitiatingOccupancyOnly, -Djava.io.tmpdir=/usr/share/elasticsearch/tmp, -XX:+HeapDumpOnOutOfMemoryError, -XX:+ExitOnOutOfMemoryError, -XX:HeapDumpPath=data, -XX:ErrorFile=logs/hs_err_pid%p.log, -Xlog:gc*,gc+age=trace,safepoint:file=logs/gc.log:utctime,pid,tags:filecount=32,filesize=64m, -Des.cgroups.hierarchy.override=/, -Xms1024m, -Xmx1024m, -XX:MaxDirectMemorySize=536870912, -Des.path.home=/usr/share/elasticsearch, -Des.path.conf=/usr/share/elasticsearch/config, -Des.distribution.flavor=default, -Des.distribution.type=tar, -Des.bundled_jdk=false]" }
{"type": "server", "timestamp": "2024-06-25T20:43:17,640Z", "level": "INFO", "component": "o.e.p.PluginsService", "cluster.name": "elasticsearch", "node.name": "metronome-master-0", "message": "loaded module [aggs-matrix-stats]" }
{"type": "server", "timestamp": "2024-06-25T20:43:17,641Z", "level": "INFO", "component": "o.e.p.PluginsService", "cluster.name": "elasticsearch", "node.name": "metronome-master-0", "message": "loaded module [analysis-common]" }
{"type": "server", "timestamp": "2024-06-25T20:43:17,641Z", "level": "INFO", "component": "o.e.p.PluginsService", "cluster.name": "elasticsearch", "node.name": "metronome-master-0", "message": "loaded module [constant-keyword]" }
{"type": "server", "timestamp": "2024-06-25T20:43:17,641Z", "level": "INFO", "component": "o.e.p.PluginsService", "cluster.name": "elasticsearch", "node.name": "metronome-master-0", "message": "loaded module [frozen-indices]" }
{"type": "server", "timestamp": "2024-06-25T20:43:17,641Z", "level": "INFO", "component": "o.e.p.PluginsService", "cluster.name": "elasticsearch", "node.name": "metronome-master-0", "message": "loaded module [ingest-common]" }
{"type": "server", "timestamp": "2024-06-25T20:43:17,641Z", "level": "INFO", "component": "o.e.p.PluginsService", "cluster.name": "elasticsearch", "node.name": "metronome-master-0", "message": "loaded module [ingest-geoip]" }
{"type": "server", "timestamp": "2024-06-25T20:43:17,641Z", "level": "INFO", "component": "o.e.p.PluginsService", "cluster.name": "elasticsearch", "node.name": "metronome-master-0", "message": "loaded module [ingest-user-agent]" }
{"type": "server", "timestamp": "2024-06-25T20:43:17,642Z", "level": "INFO", "component": "o.e.p.PluginsService", "cluster.name": "elasticsearch", "node.name": "metronome-master-0", "message": "loaded module [kibana]" }
{"type": "server", "timestamp": "2024-06-25T20:43:17,642Z", "level": "INFO", "component": "o.e.p.PluginsService", "cluster.name": "elasticsearch", "node.name": "metronome-master-0", "message": "loaded module [lang-expression]" }
{"type": "server", "timestamp": "2024-06-25T20:43:17,642Z", "level": "INFO", "component": "o.e.p.PluginsService", "cluster.name": "elasticsearch", "node.name": "metronome-master-0", "message": "loaded module [lang-mustache]" }
{"type": "server", "timestamp": "2024-06-25T20:43:17,642Z", "level": "INFO", "component": "o.e.p.PluginsService", "cluster.name": "elasticsearch", "node.name": "metronome-master-0", "message": "loaded module [lang-painless]" }
{"type": "server", "timestamp": "2024-06-25T20:43:17,642Z", "level": "INFO", "component": "o.e.p.PluginsService", "cluster.name": "elasticsearch", "node.name": "metronome-master-0", "message": "loaded module [legacy-geo]" }
{"type": "server", "timestamp": "2024-06-25T20:43:17,643Z", "level": "INFO", "component": "o.e.p.PluginsService", "cluster.name": "elasticsearch", "node.name": "metronome-master-0", "message": "loaded module [mapper-extras]" }
{"type": "server", "timestamp": "2024-06-25T20:43:17,643Z", "level": "INFO", "component": "o.e.p.PluginsService", "cluster.name": "elasticsearch", "node.name": "metronome-master-0", "message": "loaded module [mapper-version]" }
{"type": "server", "timestamp": "2024-06-25T20:43:17,643Z", "level": "INFO", "component": "o.e.p.PluginsService", "cluster.name": "elasticsearch", "node.name": "metronome-master-0", "message": "loaded module [parent-join]" }
{"type": "server", "timestamp": "2024-06-25T20:43:17,643Z", "level": "INFO", "component": "o.e.p.PluginsService", "cluster.name": "elasticsearch", "node.name": "metronome-master-0", "message": "loaded module [percolator]" }
{"type": "server", "timestamp": "2024-06-25T20:43:17,643Z", "level": "INFO", "component": "o.e.p.PluginsService", "cluster.name": "elasticsearch", "node.name": "metronome-master-0", "message": "loaded module [rank-eval]" }
{"type": "server", "timestamp": "2024-06-25T20:43:17,643Z", "level": "INFO", "component": "o.e.p.PluginsService", "cluster.name": "elasticsearch", "node.name": "metronome-master-0", "message": "loaded module [reindex]" }
{"type": "server", "timestamp": "2024-06-25T20:43:17,643Z", "level": "INFO", "component": "o.e.p.PluginsService", "cluster.name": "elasticsearch", "node.name": "metronome-master-0", "message": "loaded module [repositories-metering-api]" }
{"type": "server", "timestamp": "2024-06-25T20:43:17,643Z", "level": "INFO", "component": "o.e.p.PluginsService", "cluster.name": "elasticsearch", "node.name": "metronome-master-0", "message": "loaded module [repository-encrypted]" }
{"type": "server", "timestamp": "2024-06-25T20:43:17,644Z", "level": "INFO", "component": "o.e.p.PluginsService", "cluster.name": "elasticsearch", "node.name": "metronome-master-0", "message": "loaded module [repository-url]" }
{"type": "server", "timestamp": "2024-06-25T20:43:17,644Z", "level": "INFO", "component": "o.e.p.PluginsService", "cluster.name": "elasticsearch", "node.name": "metronome-master-0", "message": "loaded module [runtime-fields-common]" }
{"type": "server", "timestamp": "2024-06-25T20:43:17,644Z", "level": "INFO", "component": "o.e.p.PluginsService", "cluster.name": "elasticsearch", "node.name": "metronome-master-0", "message": "loaded module [search-business-rules]" }
{"type": "server", "timestamp": "2024-06-25T20:43:17,644Z", "level": "INFO", "component": "o.e.p.PluginsService", "cluster.name": "elasticsearch", "node.name": "metronome-master-0", "message": "loaded module [searchable-snapshots]" }
{"type": "server", "timestamp": "2024-06-25T20:43:17,644Z", "level": "INFO", "component": "o.e.p.PluginsService", "cluster.name": "elasticsearch", "node.name": "metronome-master-0", "message": "loaded module [snapshot-repo-test-kit]" }
{"type": "server", "timestamp": "2024-06-25T20:43:17,644Z", "level": "INFO", "component": "o.e.p.PluginsService", "cluster.name": "elasticsearch", "node.name": "metronome-master-0", "message": "loaded module [spatial]" }
{"type": "server", "timestamp": "2024-06-25T20:43:17,645Z", "level": "INFO", "component": "o.e.p.PluginsService", "cluster.name": "elasticsearch", "node.name": "metronome-master-0", "message": "loaded module [transform]" }
{"type": "server", "timestamp": "2024-06-25T20:43:17,645Z", "level": "INFO", "component": "o.e.p.PluginsService", "cluster.name": "elasticsearch", "node.name": "metronome-master-0", "message": "loaded module [transport-netty4]" }
{"type": "server", "timestamp": "2024-06-25T20:43:17,645Z", "level": "INFO", "component": "o.e.p.PluginsService", "cluster.name": "elasticsearch", "node.name": "metronome-master-0", "message": "loaded module [unsigned-long]" }
{"type": "server", "timestamp": "2024-06-25T20:43:17,645Z", "level": "INFO", "component": "o.e.p.PluginsService", "cluster.name": "elasticsearch", "node.name": "metronome-master-0", "message": "loaded module [vector-tile]" }
{"type": "server", "timestamp": "2024-06-25T20:43:17,645Z", "level": "INFO", "component": "o.e.p.PluginsService", "cluster.name": "elasticsearch", "node.name": "metronome-master-0", "message": "loaded module [vectors]" }
{"type": "server", "timestamp": "2024-06-25T20:43:17,646Z", "level": "INFO", "component": "o.e.p.PluginsService", "cluster.name": "elasticsearch", "node.name": "metronome-master-0", "message": "loaded module [wildcard]" }
{"type": "server", "timestamp": "2024-06-25T20:43:17,646Z", "level": "INFO", "component": "o.e.p.PluginsService", "cluster.name": "elasticsearch", "node.name": "metronome-master-0", "message": "loaded module [x-pack-aggregate-metric]" }
{"type": "server", "timestamp": "2024-06-25T20:43:17,646Z", "level": "INFO", "component": "o.e.p.PluginsService", "cluster.name": "elasticsearch", "node.name": "metronome-master-0", "message": "loaded module [x-pack-analytics]" }
{"type": "server", "timestamp": "2024-06-25T20:43:17,704Z", "level": "INFO", "component": "o.e.p.PluginsService", "cluster.name": "elasticsearch", "node.name": "metronome-master-0", "message": "loaded module [x-pack-async]" }
{"type": "server", "timestamp": "2024-06-25T20:43:17,704Z", "level": "INFO", "component": "o.e.p.PluginsService", "cluster.name": "elasticsearch", "node.name": "metronome-master-0", "message": "loaded module [x-pack-async-search]" }
{"type": "server", "timestamp": "2024-06-25T20:43:17,704Z", "level": "INFO", "component": "o.e.p.PluginsService", "cluster.name": "elasticsearch", "node.name": "metronome-master-0", "message": "loaded module [x-pack-autoscaling]" }
{"type": "server", "timestamp": "2024-06-25T20:43:17,705Z", "level": "INFO", "component": "o.e.p.PluginsService", "cluster.name": "elasticsearch", "node.name": "metronome-master-0", "message": "loaded module [x-pack-ccr]" }
{"type": "server", "timestamp": "2024-06-25T20:43:17,705Z", "level": "INFO", "component": "o.e.p.PluginsService", "cluster.name": "elasticsearch", "node.name": "metronome-master-0", "message": "loaded module [x-pack-core]" }
{"type": "server", "timestamp": "2024-06-25T20:43:17,705Z", "level": "INFO", "component": "o.e.p.PluginsService", "cluster.name": "elasticsearch", "node.name": "metronome-master-0", "message": "loaded module [x-pack-data-streams]" }
{"type": "server", "timestamp": "2024-06-25T20:43:17,705Z", "level": "INFO", "component": "o.e.p.PluginsService", "cluster.name": "elasticsearch", "node.name": "metronome-master-0", "message": "loaded module [x-pack-deprecation]" }
{"type": "server", "timestamp": "2024-06-25T20:43:17,705Z", "level": "INFO", "component": "o.e.p.PluginsService", "cluster.name": "elasticsearch", "node.name": "metronome-master-0", "message": "loaded module [x-pack-enrich]" }
{"type": "server", "timestamp": "2024-06-25T20:43:17,706Z", "level": "INFO", "component": "o.e.p.PluginsService", "cluster.name": "elasticsearch", "node.name": "metronome-master-0", "message": "loaded module [x-pack-eql]" }
{"type": "server", "timestamp": "2024-06-25T20:43:17,706Z", "level": "INFO", "component": "o.e.p.PluginsService", "cluster.name": "elasticsearch", "node.name": "metronome-master-0", "message": "loaded module [x-pack-fleet]" }
{"type": "server", "timestamp": "2024-06-25T20:43:17,706Z", "level": "INFO", "component": "o.e.p.PluginsService", "cluster.name": "elasticsearch", "node.name": "metronome-master-0", "message": "loaded module [x-pack-graph]" }
{"type": "server", "timestamp": "2024-06-25T20:43:17,706Z", "level": "INFO", "component": "o.e.p.PluginsService", "cluster.name": "elasticsearch", "node.name": "metronome-master-0", "message": "loaded module [x-pack-identity-provider]" }
{"type": "server", "timestamp": "2024-06-25T20:43:17,706Z", "level": "INFO", "component": "o.e.p.PluginsService", "cluster.name": "elasticsearch", "node.name": "metronome-master-0", "message": "loaded module [x-pack-ilm]" }
{"type": "server", "timestamp": "2024-06-25T20:43:17,706Z", "level": "INFO", "component": "o.e.p.PluginsService", "cluster.name": "elasticsearch", "node.name": "metronome-master-0", "message": "loaded module [x-pack-logstash]" }
{"type": "server", "timestamp": "2024-06-25T20:43:17,707Z", "level": "INFO", "component": "o.e.p.PluginsService", "cluster.name": "elasticsearch", "node.name": "metronome-master-0", "message": "loaded module [x-pack-ml]" }
{"type": "server", "timestamp": "2024-06-25T20:43:17,707Z", "level": "INFO", "component": "o.e.p.PluginsService", "cluster.name": "elasticsearch", "node.name": "metronome-master-0", "message": "loaded module [x-pack-monitoring]" }
{"type": "server", "timestamp": "2024-06-25T20:43:17,707Z", "level": "INFO", "component": "o.e.p.PluginsService", "cluster.name": "elasticsearch", "node.name": "metronome-master-0", "message": "loaded module [x-pack-ql]" }
{"type": "server", "timestamp": "2024-06-25T20:43:17,707Z", "level": "INFO", "component": "o.e.p.PluginsService", "cluster.name": "elasticsearch", "node.name": "metronome-master-0", "message": "loaded module [x-pack-rollup]" }
{"type": "server", "timestamp": "2024-06-25T20:43:17,707Z", "level": "INFO", "component": "o.e.p.PluginsService", "cluster.name": "elasticsearch", "node.name": "metronome-master-0", "message": "loaded module [x-pack-security]" }
{"type": "server", "timestamp": "2024-06-25T20:43:17,707Z", "level": "INFO", "component": "o.e.p.PluginsService", "cluster.name": "elasticsearch", "node.name": "metronome-master-0", "message": "loaded module [x-pack-shutdown]" }
{"type": "server", "timestamp": "2024-06-25T20:43:17,707Z", "level": "INFO", "component": "o.e.p.PluginsService", "cluster.name": "elasticsearch", "node.name": "metronome-master-0", "message": "loaded module [x-pack-sql]" }
{"type": "server", "timestamp": "2024-06-25T20:43:17,708Z", "level": "INFO", "component": "o.e.p.PluginsService", "cluster.name": "elasticsearch", "node.name": "metronome-master-0", "message": "loaded module [x-pack-stack]" }
{"type": "server", "timestamp": "2024-06-25T20:43:17,708Z", "level": "INFO", "component": "o.e.p.PluginsService", "cluster.name": "elasticsearch", "node.name": "metronome-master-0", "message": "loaded module [x-pack-text-structure]" }
{"type": "server", "timestamp": "2024-06-25T20:43:17,708Z", "level": "INFO", "component": "o.e.p.PluginsService", "cluster.name": "elasticsearch", "node.name": "metronome-master-0", "message": "loaded module [x-pack-voting-only-node]" }
{"type": "server", "timestamp": "2024-06-25T20:43:17,708Z", "level": "INFO", "component": "o.e.p.PluginsService", "cluster.name": "elasticsearch", "node.name": "metronome-master-0", "message": "loaded module [x-pack-watcher]" }
{"type": "server", "timestamp": "2024-06-25T20:43:17,708Z", "level": "INFO", "component": "o.e.p.PluginsService", "cluster.name": "elasticsearch", "node.name": "metronome-master-0", "message": "no plugins loaded" }
{"type": "server", "timestamp": "2024-06-25T20:43:17,742Z", "level": "INFO", "component": "o.e.e.NodeEnvironment", "cluster.name": "elasticsearch", "node.name": "metronome-master-0", "message": "using [1] data paths, mounts [[/usr/share/elasticsearch/data (/dev/nvme3n1)]], net usable_space [29.3gb], net total_space [29.3gb], types [ext4]" }
{"type": "server", "timestamp": "2024-06-25T20:43:17,743Z", "level": "INFO", "component": "o.e.e.NodeEnvironment", "cluster.name": "elasticsearch", "node.name": "metronome-master-0", "message": "heap size [1015.6mb], compressed ordinary object pointers [true]" }
{"type": "server", "timestamp": "2024-06-25T20:43:18,235Z", "level": "INFO", "component": "o.e.n.Node", "cluster.name": "elasticsearch", "node.name": "metronome-master-0", "message": "node name [metronome-master-0], node ID [krXOj3SKQU2zVqLQcTxyCQ], cluster name [elasticsearch], roles [transform, data_frozen, master, remote_cluster_client, data, data_content, data_hot, data_warm, data_cold, ingest]" }
{"type": "server", "timestamp": "2024-06-25T20:43:29,419Z", "level": "INFO", "component": "o.e.i.g.ConfigDatabases", "cluster.name": "elasticsearch", "node.name": "metronome-master-0", "message": "initialized default databases [[GeoLite2-Country.mmdb, GeoLite2-City.mmdb, GeoLite2-ASN.mmdb]], config databases [[]] and watching [/usr/share/elasticsearch/config/ingest-geoip] for changes" }
{"type": "server", "timestamp": "2024-06-25T20:43:29,421Z", "level": "INFO", "component": "o.e.i.g.DatabaseNodeService", "cluster.name": "elasticsearch", "node.name": "metronome-master-0", "message": "initialized database registry, using geoip-databases directory [/usr/share/elasticsearch/tmp/geoip-databases/krXOj3SKQU2zVqLQcTxyCQ]" }
{"type": "server", "timestamp": "2024-06-25T20:43:31,034Z", "level": "INFO", "component": "o.e.t.NettyAllocator", "cluster.name": "elasticsearch", "node.name": "metronome-master-0", "message": "creating NettyAllocator with the following configs: [name=unpooled, suggested_max_allocation_size=1mb, factors={es.unsafe.use_unpooled_allocator=null, g1gc_enabled=false, g1gc_region_size=0b, heap_size=1015.6mb}]" }
{"type": "server", "timestamp": "2024-06-25T20:43:31,121Z", "level": "INFO", "component": "o.e.i.r.RecoverySettings", "cluster.name": "elasticsearch", "node.name": "metronome-master-0", "message": "using rate limit [40mb] with [default=40mb, read=0b, write=0b, max=0b]" }
{"type": "server", "timestamp": "2024-06-25T20:43:31,212Z", "level": "INFO", "component": "o.e.d.DiscoveryModule", "cluster.name": "elasticsearch", "node.name": "metronome-master-0", "message": "using discovery type [zen] and seed hosts providers [settings]" }
{"type": "server", "timestamp": "2024-06-25T20:43:32,306Z", "level": "INFO", "component": "o.e.g.DanglingIndicesState", "cluster.name": "elasticsearch", "node.name": "metronome-master-0", "message": "gateway.auto_import_dangling_indices is disabled, dangling indices will not be automatically detected or imported and must be managed manually" }
{"type": "server", "timestamp": "2024-06-25T20:43:33,137Z", "level": "INFO", "component": "o.e.n.Node", "cluster.name": "elasticsearch", "node.name": "metronome-master-0", "message": "initialized" }
{"type": "server", "timestamp": "2024-06-25T20:43:33,137Z", "level": "INFO", "component": "o.e.n.Node", "cluster.name": "elasticsearch", "node.name": "metronome-master-0", "message": "starting ..." }
{"type": "server", "timestamp": "2024-06-25T20:43:33,218Z", "level": "INFO", "component": "o.e.x.s.c.f.PersistentCache", "cluster.name": "elasticsearch", "node.name": "metronome-master-0", "message": "persistent cache index loaded" }
{"type": "server", "timestamp": "2024-06-25T20:43:33,219Z", "level": "INFO", "component": "o.e.x.d.l.DeprecationIndexingComponent", "cluster.name": "elasticsearch", "node.name": "metronome-master-0", "message": "deprecation component started" }
{"type": "server", "timestamp": "2024-06-25T20:43:33,435Z", "level": "INFO", "component": "o.e.t.TransportService", "cluster.name": "elasticsearch", "node.name": "metronome-master-0", "message": "publish_address {127.0.0.1:9300}, bound_addresses {[::1]:9300}, {127.0.0.1:9300}" }
{"type": "server", "timestamp": "2024-06-25T20:43:35,051Z", "level": "WARN", "component": "o.e.b.BootstrapChecks", "cluster.name": "elasticsearch", "node.name": "metronome-master-0", "message": "the default discovery settings are unsuitable for production use; at least one of [discovery.seed_hosts, discovery.seed_providers, cluster.initial_master_nodes] must be configured" }
{"type": "server", "timestamp": "2024-06-25T20:43:35,052Z", "level": "INFO", "component": "o.e.c.c.Coordinator", "cluster.name": "elasticsearch", "node.name": "metronome-master-0", "message": "cluster UUID [5mhYGyMsTcWw8KBrK1Tnrw]" }
{"type": "server", "timestamp": "2024-06-25T20:43:35,113Z", "level": "INFO", "component": "o.e.c.c.ClusterBootstrapService", "cluster.name": "elasticsearch", "node.name": "metronome-master-0", "message": "no discovery configuration found, will perform best-effort cluster bootstrapping after [3s] unless existing master is discovered" }
{"type": "server", "timestamp": "2024-06-25T20:43:35,319Z", "level": "INFO", "component": "o.e.c.r.a.AllocationService", "cluster.name": "elasticsearch", "node.name": "metronome-master-0", "message": "updating number_of_replicas to [0] for indices [.ds-.logs-deprecation.elasticsearch-default-2024.05.01-000019, .ds-ilm-history-5-2024.03.02-000014, .ds-ilm-history-5-2024.04.01-000016, .ds-ilm-history-5-2024.05.01-000018, .ds-ilm-history-5-2024.05.31-000020, .ds-.logs-deprecation.elasticsearch-default-2024.05.31-000021, .geoip_databases]" }
{"type": "server", "timestamp": "2024-06-25T20:43:35,322Z", "level": "INFO", "component": "o.e.c.s.MasterService", "cluster.name": "elasticsearch", "node.name": "metronome-master-0", "message": "elected-as-master ([1] nodes joined)[{metronome-master-0}{krXOj3SKQU2zVqLQcTxyCQ}{E3wqWolIQ9Knky1wM1zl1g}{127.0.0.1}{127.0.0.1:9300}{cdfhimrstw} elect leader, _BECOME_MASTER_TASK_, _FINISH_ELECTION_], term: 107, version: 14622, delta: master node changed {previous [], current [{metronome-master-0}{krXOj3SKQU2zVqLQcTxyCQ}{E3wqWolIQ9Knky1wM1zl1g}{127.0.0.1}{127.0.0.1:9300}{cdfhimrstw}]}" }
{"type": "server", "timestamp": "2024-06-25T20:43:35,528Z", "level": "INFO", "component": "o.e.c.s.ClusterApplierService", "cluster.name": "elasticsearch", "node.name": "metronome-master-0", "message": "master node changed {previous [], current [{metronome-master-0}{krXOj3SKQU2zVqLQcTxyCQ}{E3wqWolIQ9Knky1wM1zl1g}{127.0.0.1}{127.0.0.1:9300}{cdfhimrstw}]}, term: 107, version: 14622, reason: Publication{term=107, version=14622}" }
{"type": "server", "timestamp": "2024-06-25T20:43:35,623Z", "level": "INFO", "component": "o.e.h.AbstractHttpServerTransport", "cluster.name": "elasticsearch", "node.name": "metronome-master-0", "message": "publish_address {127.0.0.1:8888}, bound_addresses {[::1]:8888}, {127.0.0.1:8888}", "cluster.uuid": "5mhYGyMsTcWw8KBrK1Tnrw", "node.id": "krXOj3SKQU2zVqLQcTxyCQ"  }
{"type": "server", "timestamp": "2024-06-25T20:43:35,624Z", "level": "INFO", "component": "o.e.n.Node", "cluster.name": "elasticsearch", "node.name": "metronome-master-0", "message": "started", "cluster.uuid": "5mhYGyMsTcWw8KBrK1Tnrw", "node.id": "krXOj3SKQU2zVqLQcTxyCQ"  }
{"type": "server", "timestamp": "2024-06-25T20:43:36,624Z", "level": "INFO", "component": "o.e.l.LicenseService", "cluster.name": "elasticsearch", "node.name": "metronome-master-0", "message": "license [8c9c841a-fb26-456d-a628-1f8f5214daad] mode [basic] - valid", "cluster.uuid": "5mhYGyMsTcWw8KBrK1Tnrw", "node.id": "krXOj3SKQU2zVqLQcTxyCQ"  }
{"type": "server", "timestamp": "2024-06-25T20:43:36,628Z", "level": "INFO", "component": "o.e.g.GatewayService", "cluster.name": "elasticsearch", "node.name": "metronome-master-0", "message": "recovered [67] indices into cluster_state", "cluster.uuid": "5mhYGyMsTcWw8KBrK1Tnrw", "node.id": "krXOj3SKQU2zVqLQcTxyCQ"  }
{"type": "server", "timestamp": "2024-06-25T20:43:37,534Z", "level": "ERROR", "component": "o.e.i.g.GeoIpDownloader", "cluster.name": "elasticsearch", "node.name": "metronome-master-0", "message": "exception during geoip databases update", "cluster.uuid": "5mhYGyMsTcWw8KBrK1Tnrw", "node.id": "krXOj3SKQU2zVqLQcTxyCQ" , 
"stacktrace": ["org.elasticsearch.ElasticsearchException: not all primary shards of [.geoip_databases] index are active",
"at org.elasticsearch.ingest.geoip.GeoIpDownloader.updateDatabases(GeoIpDownloader.java:137) ~[ingest-geoip-7.17.18.jar:7.17.18]",
"at org.elasticsearch.ingest.geoip.GeoIpDownloader.runDownloader(GeoIpDownloader.java:284) [ingest-geoip-7.17.18.jar:7.17.18]",
"at org.elasticsearch.ingest.geoip.GeoIpDownloaderTaskExecutor.nodeOperation(GeoIpDownloaderTaskExecutor.java:100) [ingest-geoip-7.17.18.jar:7.17.18]",
"at org.elasticsearch.ingest.geoip.GeoIpDownloaderTaskExecutor.nodeOperation(GeoIpDownloaderTaskExecutor.java:46) [ingest-geoip-7.17.18.jar:7.17.18]",
"at org.elasticsearch.persistent.NodePersistentTasksExecutor$1.doRun(NodePersistentTasksExecutor.java:42) [elasticsearch-7.17.18.jar:7.17.18]",
"at org.elasticsearch.common.util.concurrent.ThreadContext$ContextPreservingAbstractRunnable.doRun(ThreadContext.java:777) [elasticsearch-7.17.18.jar:7.17.18]",
"at org.elasticsearch.common.util.concurrent.AbstractRunnable.run(AbstractRunnable.java:26) [elasticsearch-7.17.18.jar:7.17.18]",
"at java.util.concurrent.ThreadPoolExecutor.runWorker(ThreadPoolExecutor.java:1128) [?:?]",
"at java.util.concurrent.ThreadPoolExecutor$Worker.run(ThreadPoolExecutor.java:628) [?:?]",
"at java.lang.Thread.run(Thread.java:829) [?:?]"] }
{"type": "server", "timestamp": "2024-06-25T20:43:37,636Z", "level": "INFO", "component": "o.e.i.g.DatabaseNodeService", "cluster.name": "elasticsearch", "node.name": "metronome-master-0", "message": "retrieve geoip database [GeoLite2-Country.mmdb] from [.geoip_databases] to [/usr/share/elasticsearch/tmp/geoip-databases/krXOj3SKQU2zVqLQcTxyCQ/GeoLite2-Country.mmdb.tmp.gz]", "cluster.uuid": "5mhYGyMsTcWw8KBrK1Tnrw", "node.id": "krXOj3SKQU2zVqLQcTxyCQ"  }
{"type": "server", "timestamp": "2024-06-25T20:43:37,638Z", "level": "INFO", "component": "o.e.i.g.DatabaseNodeService", "cluster.name": "elasticsearch", "node.name": "metronome-master-0", "message": "retrieve geoip database [GeoLite2-ASN.mmdb] from [.geoip_databases] to [/usr/share/elasticsearch/tmp/geoip-databases/krXOj3SKQU2zVqLQcTxyCQ/GeoLite2-ASN.mmdb.tmp.gz]", "cluster.uuid": "5mhYGyMsTcWw8KBrK1Tnrw", "node.id": "krXOj3SKQU2zVqLQcTxyCQ"  }
{"type": "server", "timestamp": "2024-06-25T20:43:37,638Z", "level": "INFO", "component": "o.e.i.g.DatabaseNodeService", "cluster.name": "elasticsearch", "node.name": "metronome-master-0", "message": "retrieve geoip database [GeoLite2-City.mmdb] from [.geoip_databases] to [/usr/share/elasticsearch/tmp/geoip-databases/krXOj3SKQU2zVqLQcTxyCQ/GeoLite2-City.mmdb.tmp.gz]", "cluster.uuid": "5mhYGyMsTcWw8KBrK1Tnrw", "node.id": "krXOj3SKQU2zVqLQcTxyCQ"  }
{"type": "server", "timestamp": "2024-06-25T20:43:39,107Z", "level": "INFO", "component": "o.e.i.g.DatabaseNodeService", "cluster.name": "elasticsearch", "node.name": "metronome-master-0", "message": "successfully reloaded changed geoip database file [/usr/share/elasticsearch/tmp/geoip-databases/krXOj3SKQU2zVqLQcTxyCQ/GeoLite2-Country.mmdb]", "cluster.uuid": "5mhYGyMsTcWw8KBrK1Tnrw", "node.id": "krXOj3SKQU2zVqLQcTxyCQ"  }
{"type": "server", "timestamp": "2024-06-25T20:43:39,205Z", "level": "INFO", "component": "o.e.i.g.DatabaseNodeService", "cluster.name": "elasticsearch", "node.name": "metronome-master-0", "message": "successfully reloaded changed geoip database file [/usr/share/elasticsearch/tmp/geoip-databases/krXOj3SKQU2zVqLQcTxyCQ/GeoLite2-ASN.mmdb]", "cluster.uuid": "5mhYGyMsTcWw8KBrK1Tnrw", "node.id": "krXOj3SKQU2zVqLQcTxyCQ"  }
{"type": "server", "timestamp": "2024-06-25T20:43:41,912Z", "level": "INFO", "component": "o.e.i.g.DatabaseNodeService", "cluster.name": "elasticsearch", "node.name": "metronome-master-0", "message": "successfully reloaded changed geoip database file [/usr/share/elasticsearch/tmp/geoip-databases/krXOj3SKQU2zVqLQcTxyCQ/GeoLite2-City.mmdb]", "cluster.uuid": "5mhYGyMsTcWw8KBrK1Tnrw", "node.id": "krXOj3SKQU2zVqLQcTxyCQ"  }
{"type": "server", "timestamp": "2024-06-25T20:43:46,234Z", "level": "INFO", "component": "o.e.c.r.a.AllocationService", "cluster.name": "elasticsearch", "node.name": "metronome-master-0", "message": "Cluster health status changed from [RED] to [YELLOW] (reason: [shards started [[conceptval__radus_scaledagile_mabb__fppg9n1qltf0b6h8_7][0]]]).", "cluster.uuid": "5mhYGyMsTcWw8KBrK1Tnrw", "node.id": "krXOj3SKQU2zVqLQcTxyCQ"  }
