Created elasticsearch keystore in /usr/share/elasticsearch/config/elasticsearch.keystore
Start Nginx server...
Nginx server is started!
nginx: [warn] the "user" directive makes sense only if the master process runs with super-user privileges, ignored in /etc/nginx/nginx.conf:5
Jun 25, 2024 9:14:41 PM sun.util.locale.provider.LocaleProviderAdapter <clinit>
WARNING: COMPAT locale provider will be removed in a future release
{"type": "server", "timestamp": "2024-06-25T21:14:43,313Z", "level": "INFO", "component": "o.e.n.Node", "cluster.name": "metronome", "node.name": "metronome-master-0", "message": "version[7.17.18], pid[7], build[default/docker/8682172c2130b9a411b1bd5ff37c9792367de6b0/2024-02-02T12:04:59.691750271Z], OS[Linux/5.10.177-158.645.amzn2.x86_64/amd64], JVM[Oracle Corporation/OpenJDK 64-Bit Server VM/21.0.2/21.0.2+13-58]" }
{"type": "server", "timestamp": "2024-06-25T21:14:43,317Z", "level": "INFO", "component": "o.e.n.Node", "cluster.name": "metronome", "node.name": "metronome-master-0", "message": "JVM home [/usr/share/elasticsearch/jdk], using bundled JDK [true]" }
{"type": "server", "timestamp": "2024-06-25T21:14:43,317Z", "level": "INFO", "component": "o.e.n.Node", "cluster.name": "metronome", "node.name": "metronome-master-0", "message": "JVM arguments [-Xshare:auto, -Des.networkaddress.cache.ttl=60, -Des.networkaddress.cache.negative.ttl=10, -XX:+AlwaysPreTouch, -Xss1m, -Djava.awt.headless=true, -Dfile.encoding=UTF-8, -Djna.nosys=true, -XX:-OmitStackTraceInFastThrow, -XX:+ShowCodeDetailsInExceptionMessages, -Dio.netty.noUnsafe=true, -Dio.netty.noKeySetOptimization=true, -Dio.netty.recycler.maxCapacityPerThread=0, -Dio.netty.allocator.numDirectArenas=0, -Dlog4j.shutdownHookEnabled=false, -Dlog4j2.disable.jmx=true, -Dlog4j2.formatMsgNoLookups=true, -Djava.locale.providers=SPI,COMPAT, --add-opens=java.base/java.io=ALL-UNNAMED, -Djava.security.manager=allow, -XX:+UseG1GC, -Djava.io.tmpdir=/tmp/elasticsearch-6636883568163332202, -XX:+HeapDumpOnOutOfMemoryError, -XX:+ExitOnOutOfMemoryError, -XX:HeapDumpPath=data, -XX:ErrorFile=logs/hs_err_pid%p.log, -Xlog:gc*,gc+age=trace,safepoint:file=logs/gc.log:utctime,pid,tags:filecount=32,filesize=64m, -Des.cgroups.hierarchy.override=/, -Xms1024m, -Xmx1024m, -XX:MaxDirectMemorySize=536870912, -XX:G1HeapRegionSize=4m, -XX:InitiatingHeapOccupancyPercent=30, -XX:G1ReservePercent=15, -Des.path.home=/usr/share/elasticsearch, -Des.path.conf=/usr/share/elasticsearch/config, -Des.distribution.flavor=default, -Des.distribution.type=docker, -Des.bundled_jdk=true]" }
{"type": "server", "timestamp": "2024-06-25T21:14:48,131Z", "level": "INFO", "component": "o.e.p.PluginsService", "cluster.name": "metronome", "node.name": "metronome-master-0", "message": "loaded module [aggs-matrix-stats]" }
{"type": "server", "timestamp": "2024-06-25T21:14:48,132Z", "level": "INFO", "component": "o.e.p.PluginsService", "cluster.name": "metronome", "node.name": "metronome-master-0", "message": "loaded module [analysis-common]" }
{"type": "server", "timestamp": "2024-06-25T21:14:48,132Z", "level": "INFO", "component": "o.e.p.PluginsService", "cluster.name": "metronome", "node.name": "metronome-master-0", "message": "loaded module [constant-keyword]" }
{"type": "server", "timestamp": "2024-06-25T21:14:48,132Z", "level": "INFO", "component": "o.e.p.PluginsService", "cluster.name": "metronome", "node.name": "metronome-master-0", "message": "loaded module [frozen-indices]" }
{"type": "server", "timestamp": "2024-06-25T21:14:48,132Z", "level": "INFO", "component": "o.e.p.PluginsService", "cluster.name": "metronome", "node.name": "metronome-master-0", "message": "loaded module [ingest-common]" }
{"type": "server", "timestamp": "2024-06-25T21:14:48,133Z", "level": "INFO", "component": "o.e.p.PluginsService", "cluster.name": "metronome", "node.name": "metronome-master-0", "message": "loaded module [ingest-geoip]" }
{"type": "server", "timestamp": "2024-06-25T21:14:48,133Z", "level": "INFO", "component": "o.e.p.PluginsService", "cluster.name": "metronome", "node.name": "metronome-master-0", "message": "loaded module [ingest-user-agent]" }
{"type": "server", "timestamp": "2024-06-25T21:14:48,133Z", "level": "INFO", "component": "o.e.p.PluginsService", "cluster.name": "metronome", "node.name": "metronome-master-0", "message": "loaded module [kibana]" }
{"type": "server", "timestamp": "2024-06-25T21:14:48,133Z", "level": "INFO", "component": "o.e.p.PluginsService", "cluster.name": "metronome", "node.name": "metronome-master-0", "message": "loaded module [lang-expression]" }
{"type": "server", "timestamp": "2024-06-25T21:14:48,133Z", "level": "INFO", "component": "o.e.p.PluginsService", "cluster.name": "metronome", "node.name": "metronome-master-0", "message": "loaded module [lang-mustache]" }
{"type": "server", "timestamp": "2024-06-25T21:14:48,133Z", "level": "INFO", "component": "o.e.p.PluginsService", "cluster.name": "metronome", "node.name": "metronome-master-0", "message": "loaded module [lang-painless]" }
{"type": "server", "timestamp": "2024-06-25T21:14:48,134Z", "level": "INFO", "component": "o.e.p.PluginsService", "cluster.name": "metronome", "node.name": "metronome-master-0", "message": "loaded module [legacy-geo]" }
{"type": "server", "timestamp": "2024-06-25T21:14:48,134Z", "level": "INFO", "component": "o.e.p.PluginsService", "cluster.name": "metronome", "node.name": "metronome-master-0", "message": "loaded module [mapper-extras]" }
{"type": "server", "timestamp": "2024-06-25T21:14:48,134Z", "level": "INFO", "component": "o.e.p.PluginsService", "cluster.name": "metronome", "node.name": "metronome-master-0", "message": "loaded module [mapper-version]" }
{"type": "server", "timestamp": "2024-06-25T21:14:48,134Z", "level": "INFO", "component": "o.e.p.PluginsService", "cluster.name": "metronome", "node.name": "metronome-master-0", "message": "loaded module [parent-join]" }
{"type": "server", "timestamp": "2024-06-25T21:14:48,134Z", "level": "INFO", "component": "o.e.p.PluginsService", "cluster.name": "metronome", "node.name": "metronome-master-0", "message": "loaded module [percolator]" }
{"type": "server", "timestamp": "2024-06-25T21:14:48,135Z", "level": "INFO", "component": "o.e.p.PluginsService", "cluster.name": "metronome", "node.name": "metronome-master-0", "message": "loaded module [rank-eval]" }
{"type": "server", "timestamp": "2024-06-25T21:14:48,135Z", "level": "INFO", "component": "o.e.p.PluginsService", "cluster.name": "metronome", "node.name": "metronome-master-0", "message": "loaded module [reindex]" }
{"type": "server", "timestamp": "2024-06-25T21:14:48,135Z", "level": "INFO", "component": "o.e.p.PluginsService", "cluster.name": "metronome", "node.name": "metronome-master-0", "message": "loaded module [repositories-metering-api]" }
{"type": "server", "timestamp": "2024-06-25T21:14:48,135Z", "level": "INFO", "component": "o.e.p.PluginsService", "cluster.name": "metronome", "node.name": "metronome-master-0", "message": "loaded module [repository-encrypted]" }
{"type": "server", "timestamp": "2024-06-25T21:14:48,135Z", "level": "INFO", "component": "o.e.p.PluginsService", "cluster.name": "metronome", "node.name": "metronome-master-0", "message": "loaded module [repository-url]" }
{"type": "server", "timestamp": "2024-06-25T21:14:48,136Z", "level": "INFO", "component": "o.e.p.PluginsService", "cluster.name": "metronome", "node.name": "metronome-master-0", "message": "loaded module [runtime-fields-common]" }
{"type": "server", "timestamp": "2024-06-25T21:14:48,136Z", "level": "INFO", "component": "o.e.p.PluginsService", "cluster.name": "metronome", "node.name": "metronome-master-0", "message": "loaded module [search-business-rules]" }
{"type": "server", "timestamp": "2024-06-25T21:14:48,136Z", "level": "INFO", "component": "o.e.p.PluginsService", "cluster.name": "metronome", "node.name": "metronome-master-0", "message": "loaded module [searchable-snapshots]" }
{"type": "server", "timestamp": "2024-06-25T21:14:48,136Z", "level": "INFO", "component": "o.e.p.PluginsService", "cluster.name": "metronome", "node.name": "metronome-master-0", "message": "loaded module [snapshot-repo-test-kit]" }
{"type": "server", "timestamp": "2024-06-25T21:14:48,136Z", "level": "INFO", "component": "o.e.p.PluginsService", "cluster.name": "metronome", "node.name": "metronome-master-0", "message": "loaded module [spatial]" }
{"type": "server", "timestamp": "2024-06-25T21:14:48,137Z", "level": "INFO", "component": "o.e.p.PluginsService", "cluster.name": "metronome", "node.name": "metronome-master-0", "message": "loaded module [transform]" }
{"type": "server", "timestamp": "2024-06-25T21:14:48,137Z", "level": "INFO", "component": "o.e.p.PluginsService", "cluster.name": "metronome", "node.name": "metronome-master-0", "message": "loaded module [transport-netty4]" }
{"type": "server", "timestamp": "2024-06-25T21:14:48,137Z", "level": "INFO", "component": "o.e.p.PluginsService", "cluster.name": "metronome", "node.name": "metronome-master-0", "message": "loaded module [unsigned-long]" }
{"type": "server", "timestamp": "2024-06-25T21:14:48,137Z", "level": "INFO", "component": "o.e.p.PluginsService", "cluster.name": "metronome", "node.name": "metronome-master-0", "message": "loaded module [vector-tile]" }
{"type": "server", "timestamp": "2024-06-25T21:14:48,137Z", "level": "INFO", "component": "o.e.p.PluginsService", "cluster.name": "metronome", "node.name": "metronome-master-0", "message": "loaded module [vectors]" }
{"type": "server", "timestamp": "2024-06-25T21:14:48,138Z", "level": "INFO", "component": "o.e.p.PluginsService", "cluster.name": "metronome", "node.name": "metronome-master-0", "message": "loaded module [wildcard]" }
{"type": "server", "timestamp": "2024-06-25T21:14:48,138Z", "level": "INFO", "component": "o.e.p.PluginsService", "cluster.name": "metronome", "node.name": "metronome-master-0", "message": "loaded module [x-pack-aggregate-metric]" }
{"type": "server", "timestamp": "2024-06-25T21:14:48,138Z", "level": "INFO", "component": "o.e.p.PluginsService", "cluster.name": "metronome", "node.name": "metronome-master-0", "message": "loaded module [x-pack-analytics]" }
{"type": "server", "timestamp": "2024-06-25T21:14:48,138Z", "level": "INFO", "component": "o.e.p.PluginsService", "cluster.name": "metronome", "node.name": "metronome-master-0", "message": "loaded module [x-pack-async]" }
{"type": "server", "timestamp": "2024-06-25T21:14:48,138Z", "level": "INFO", "component": "o.e.p.PluginsService", "cluster.name": "metronome", "node.name": "metronome-master-0", "message": "loaded module [x-pack-async-search]" }
{"type": "server", "timestamp": "2024-06-25T21:14:48,139Z", "level": "INFO", "component": "o.e.p.PluginsService", "cluster.name": "metronome", "node.name": "metronome-master-0", "message": "loaded module [x-pack-autoscaling]" }
{"type": "server", "timestamp": "2024-06-25T21:14:48,139Z", "level": "INFO", "component": "o.e.p.PluginsService", "cluster.name": "metronome", "node.name": "metronome-master-0", "message": "loaded module [x-pack-ccr]" }
{"type": "server", "timestamp": "2024-06-25T21:14:48,139Z", "level": "INFO", "component": "o.e.p.PluginsService", "cluster.name": "metronome", "node.name": "metronome-master-0", "message": "loaded module [x-pack-core]" }
{"type": "server", "timestamp": "2024-06-25T21:14:48,139Z", "level": "INFO", "component": "o.e.p.PluginsService", "cluster.name": "metronome", "node.name": "metronome-master-0", "message": "loaded module [x-pack-data-streams]" }
{"type": "server", "timestamp": "2024-06-25T21:14:48,140Z", "level": "INFO", "component": "o.e.p.PluginsService", "cluster.name": "metronome", "node.name": "metronome-master-0", "message": "loaded module [x-pack-deprecation]" }
{"type": "server", "timestamp": "2024-06-25T21:14:48,140Z", "level": "INFO", "component": "o.e.p.PluginsService", "cluster.name": "metronome", "node.name": "metronome-master-0", "message": "loaded module [x-pack-enrich]" }
{"type": "server", "timestamp": "2024-06-25T21:14:48,140Z", "level": "INFO", "component": "o.e.p.PluginsService", "cluster.name": "metronome", "node.name": "metronome-master-0", "message": "loaded module [x-pack-eql]" }
{"type": "server", "timestamp": "2024-06-25T21:14:48,140Z", "level": "INFO", "component": "o.e.p.PluginsService", "cluster.name": "metronome", "node.name": "metronome-master-0", "message": "loaded module [x-pack-fleet]" }
{"type": "server", "timestamp": "2024-06-25T21:14:48,140Z", "level": "INFO", "component": "o.e.p.PluginsService", "cluster.name": "metronome", "node.name": "metronome-master-0", "message": "loaded module [x-pack-graph]" }
{"type": "server", "timestamp": "2024-06-25T21:14:48,141Z", "level": "INFO", "component": "o.e.p.PluginsService", "cluster.name": "metronome", "node.name": "metronome-master-0", "message": "loaded module [x-pack-identity-provider]" }
{"type": "server", "timestamp": "2024-06-25T21:14:48,141Z", "level": "INFO", "component": "o.e.p.PluginsService", "cluster.name": "metronome", "node.name": "metronome-master-0", "message": "loaded module [x-pack-ilm]" }
{"type": "server", "timestamp": "2024-06-25T21:14:48,141Z", "level": "INFO", "component": "o.e.p.PluginsService", "cluster.name": "metronome", "node.name": "metronome-master-0", "message": "loaded module [x-pack-logstash]" }
{"type": "server", "timestamp": "2024-06-25T21:14:48,141Z", "level": "INFO", "component": "o.e.p.PluginsService", "cluster.name": "metronome", "node.name": "metronome-master-0", "message": "loaded module [x-pack-ml]" }
{"type": "server", "timestamp": "2024-06-25T21:14:48,141Z", "level": "INFO", "component": "o.e.p.PluginsService", "cluster.name": "metronome", "node.name": "metronome-master-0", "message": "loaded module [x-pack-monitoring]" }
{"type": "server", "timestamp": "2024-06-25T21:14:48,141Z", "level": "INFO", "component": "o.e.p.PluginsService", "cluster.name": "metronome", "node.name": "metronome-master-0", "message": "loaded module [x-pack-ql]" }
{"type": "server", "timestamp": "2024-06-25T21:14:48,142Z", "level": "INFO", "component": "o.e.p.PluginsService", "cluster.name": "metronome", "node.name": "metronome-master-0", "message": "loaded module [x-pack-rollup]" }
{"type": "server", "timestamp": "2024-06-25T21:14:48,142Z", "level": "INFO", "component": "o.e.p.PluginsService", "cluster.name": "metronome", "node.name": "metronome-master-0", "message": "loaded module [x-pack-security]" }
{"type": "server", "timestamp": "2024-06-25T21:14:48,142Z", "level": "INFO", "component": "o.e.p.PluginsService", "cluster.name": "metronome", "node.name": "metronome-master-0", "message": "loaded module [x-pack-shutdown]" }
{"type": "server", "timestamp": "2024-06-25T21:14:48,142Z", "level": "INFO", "component": "o.e.p.PluginsService", "cluster.name": "metronome", "node.name": "metronome-master-0", "message": "loaded module [x-pack-sql]" }
{"type": "server", "timestamp": "2024-06-25T21:14:48,142Z", "level": "INFO", "component": "o.e.p.PluginsService", "cluster.name": "metronome", "node.name": "metronome-master-0", "message": "loaded module [x-pack-stack]" }
{"type": "server", "timestamp": "2024-06-25T21:14:48,142Z", "level": "INFO", "component": "o.e.p.PluginsService", "cluster.name": "metronome", "node.name": "metronome-master-0", "message": "loaded module [x-pack-text-structure]" }
{"type": "server", "timestamp": "2024-06-25T21:14:48,143Z", "level": "INFO", "component": "o.e.p.PluginsService", "cluster.name": "metronome", "node.name": "metronome-master-0", "message": "loaded module [x-pack-voting-only-node]" }
{"type": "server", "timestamp": "2024-06-25T21:14:48,143Z", "level": "INFO", "component": "o.e.p.PluginsService", "cluster.name": "metronome", "node.name": "metronome-master-0", "message": "loaded module [x-pack-watcher]" }
{"type": "server", "timestamp": "2024-06-25T21:14:48,143Z", "level": "INFO", "component": "o.e.p.PluginsService", "cluster.name": "metronome", "node.name": "metronome-master-0", "message": "no plugins loaded" }
{"type": "server", "timestamp": "2024-06-25T21:14:48,223Z", "level": "INFO", "component": "o.e.e.NodeEnvironment", "cluster.name": "metronome", "node.name": "metronome-master-0", "message": "using [1] data paths, mounts [[/usr/share/elasticsearch/data (/dev/nvme3n1)]], net usable_space [29.3gb], net total_space [29.3gb], types [ext4]" }
{"type": "server", "timestamp": "2024-06-25T21:14:48,224Z", "level": "INFO", "component": "o.e.e.NodeEnvironment", "cluster.name": "metronome", "node.name": "metronome-master-0", "message": "heap size [1gb], compressed ordinary object pointers [true]" }
{"type": "server", "timestamp": "2024-06-25T21:14:48,550Z", "level": "INFO", "component": "o.e.n.Node", "cluster.name": "metronome", "node.name": "metronome-master-0", "message": "node name [metronome-master-0], node ID [krXOj3SKQU2zVqLQcTxyCQ], cluster name [metronome], roles [transform, master, remote_cluster_client, data, ml, data_content, data_hot, data_warm, data_cold, ingest]" }
{"type": "server", "timestamp": "2024-06-25T21:14:59,220Z", "level": "INFO", "component": "o.e.i.g.ConfigDatabases", "cluster.name": "metronome", "node.name": "metronome-master-0", "message": "initialized default databases [[GeoLite2-Country.mmdb, GeoLite2-City.mmdb, GeoLite2-ASN.mmdb]], config databases [[]] and watching [/usr/share/elasticsearch/config/ingest-geoip] for changes" }
{"type": "server", "timestamp": "2024-06-25T21:14:59,223Z", "level": "INFO", "component": "o.e.i.g.DatabaseNodeService", "cluster.name": "metronome", "node.name": "metronome-master-0", "message": "initialized database registry, using geoip-databases directory [/tmp/elasticsearch-6636883568163332202/geoip-databases/krXOj3SKQU2zVqLQcTxyCQ]" }
{"type": "server", "timestamp": "2024-06-25T21:15:00,148Z", "level": "INFO", "component": "o.e.t.NettyAllocator", "cluster.name": "metronome", "node.name": "metronome-master-0", "message": "creating NettyAllocator with the following configs: [name=unpooled, suggested_max_allocation_size=1mb, factors={es.unsafe.use_unpooled_allocator=null, g1gc_enabled=true, g1gc_region_size=4mb, heap_size=1gb}]" }
{"type": "server", "timestamp": "2024-06-25T21:15:00,227Z", "level": "INFO", "component": "o.e.i.r.RecoverySettings", "cluster.name": "metronome", "node.name": "metronome-master-0", "message": "using rate limit [40mb] with [default=40mb, read=0b, write=0b, max=0b]" }
{"type": "server", "timestamp": "2024-06-25T21:15:00,307Z", "level": "INFO", "component": "o.e.d.DiscoveryModule", "cluster.name": "metronome", "node.name": "metronome-master-0", "message": "using discovery type [zen] and seed hosts providers [settings]" }
{"type": "server", "timestamp": "2024-06-25T21:15:01,131Z", "level": "INFO", "component": "o.e.g.DanglingIndicesState", "cluster.name": "metronome", "node.name": "metronome-master-0", "message": "gateway.auto_import_dangling_indices is disabled, dangling indices will not be automatically detected or imported and must be managed manually" }
{"type": "server", "timestamp": "2024-06-25T21:15:02,106Z", "level": "INFO", "component": "o.e.n.Node", "cluster.name": "metronome", "node.name": "metronome-master-0", "message": "initialized" }
{"type": "server", "timestamp": "2024-06-25T21:15:02,106Z", "level": "INFO", "component": "o.e.n.Node", "cluster.name": "metronome", "node.name": "metronome-master-0", "message": "starting ..." }
{"type": "server", "timestamp": "2024-06-25T21:15:02,136Z", "level": "INFO", "component": "o.e.x.s.c.f.PersistentCache", "cluster.name": "metronome", "node.name": "metronome-master-0", "message": "persistent cache index loaded" }
{"type": "server", "timestamp": "2024-06-25T21:15:02,137Z", "level": "INFO", "component": "o.e.x.d.l.DeprecationIndexingComponent", "cluster.name": "metronome", "node.name": "metronome-master-0", "message": "deprecation component started" }
{"type": "server", "timestamp": "2024-06-25T21:15:02,347Z", "level": "INFO", "component": "o.e.t.TransportService", "cluster.name": "metronome", "node.name": "metronome-master-0", "message": "publish_address {192.168.37.60:9300}, bound_addresses {[::]:9300}" }
{"type": "server", "timestamp": "2024-06-25T21:15:03,923Z", "level": "INFO", "component": "o.e.b.BootstrapChecks", "cluster.name": "metronome", "node.name": "metronome-master-0", "message": "bound or publishing to a non-loopback address, enforcing bootstrap checks" }
{"type": "server", "timestamp": "2024-06-25T21:15:03,925Z", "level": "INFO", "component": "o.e.c.c.Coordinator", "cluster.name": "metronome", "node.name": "metronome-master-0", "message": "cluster UUID [5mhYGyMsTcWw8KBrK1Tnrw]" }
{"type": "server", "timestamp": "2024-06-25T21:15:04,035Z", "level": "INFO", "component": "o.e.c.s.MasterService", "cluster.name": "metronome", "node.name": "metronome-master-0", "message": "elected-as-master ([1] nodes joined)[{metronome-master-0}{krXOj3SKQU2zVqLQcTxyCQ}{ybhN3R0FSnyU230WcHjNLA}{192.168.37.60}{192.168.37.60:9300}{cdhilmrstw} elect leader, _BECOME_MASTER_TASK_, _FINISH_ELECTION_], term: 108, version: 14678, delta: master node changed {previous [], current [{metronome-master-0}{krXOj3SKQU2zVqLQcTxyCQ}{ybhN3R0FSnyU230WcHjNLA}{192.168.37.60}{192.168.37.60:9300}{cdhilmrstw}]}" }
{"type": "server", "timestamp": "2024-06-25T21:15:04,306Z", "level": "INFO", "component": "o.e.c.s.ClusterApplierService", "cluster.name": "metronome", "node.name": "metronome-master-0", "message": "master node changed {previous [], current [{metronome-master-0}{krXOj3SKQU2zVqLQcTxyCQ}{ybhN3R0FSnyU230WcHjNLA}{192.168.37.60}{192.168.37.60:9300}{cdhilmrstw}]}, term: 108, version: 14678, reason: Publication{term=108, version=14678}" }
{"type": "server", "timestamp": "2024-06-25T21:15:04,407Z", "level": "INFO", "component": "o.e.h.AbstractHttpServerTransport", "cluster.name": "metronome", "node.name": "metronome-master-0", "message": "publish_address {192.168.37.60:8888}, bound_addresses {[::]:8888}", "cluster.uuid": "5mhYGyMsTcWw8KBrK1Tnrw", "node.id": "krXOj3SKQU2zVqLQcTxyCQ"  }
{"type": "server", "timestamp": "2024-06-25T21:15:04,407Z", "level": "INFO", "component": "o.e.n.Node", "cluster.name": "metronome", "node.name": "metronome-master-0", "message": "started", "cluster.uuid": "5mhYGyMsTcWw8KBrK1Tnrw", "node.id": "krXOj3SKQU2zVqLQcTxyCQ"  }
{"type": "server", "timestamp": "2024-06-25T21:15:05,316Z", "level": "INFO", "component": "o.e.l.LicenseService", "cluster.name": "metronome", "node.name": "metronome-master-0", "message": "license [8c9c841a-fb26-456d-a628-1f8f5214daad] mode [basic] - valid", "cluster.uuid": "5mhYGyMsTcWw8KBrK1Tnrw", "node.id": "krXOj3SKQU2zVqLQcTxyCQ"  }
{"type": "server", "timestamp": "2024-06-25T21:15:05,319Z", "level": "INFO", "component": "o.e.g.GatewayService", "cluster.name": "metronome", "node.name": "metronome-master-0", "message": "recovered [67] indices into cluster_state", "cluster.uuid": "5mhYGyMsTcWw8KBrK1Tnrw", "node.id": "krXOj3SKQU2zVqLQcTxyCQ"  }
{"type": "server", "timestamp": "2024-06-25T21:15:06,125Z", "level": "ERROR", "component": "o.e.i.g.GeoIpDownloader", "cluster.name": "metronome", "node.name": "metronome-master-0", "message": "exception during geoip databases update", "cluster.uuid": "5mhYGyMsTcWw8KBrK1Tnrw", "node.id": "krXOj3SKQU2zVqLQcTxyCQ" , 
"stacktrace": ["org.elasticsearch.ElasticsearchException: not all primary shards of [.geoip_databases] index are active",
"at org.elasticsearch.ingest.geoip.GeoIpDownloader.updateDatabases(GeoIpDownloader.java:137) ~[ingest-geoip-7.17.18.jar:7.17.18]",
"at org.elasticsearch.ingest.geoip.GeoIpDownloader.runDownloader(GeoIpDownloader.java:284) [ingest-geoip-7.17.18.jar:7.17.18]",
"at org.elasticsearch.ingest.geoip.GeoIpDownloaderTaskExecutor.nodeOperation(GeoIpDownloaderTaskExecutor.java:100) [ingest-geoip-7.17.18.jar:7.17.18]",
"at org.elasticsearch.ingest.geoip.GeoIpDownloaderTaskExecutor.nodeOperation(GeoIpDownloaderTaskExecutor.java:46) [ingest-geoip-7.17.18.jar:7.17.18]",
"at org.elasticsearch.persistent.NodePersistentTasksExecutor$1.doRun(NodePersistentTasksExecutor.java:42) [elasticsearch-7.17.18.jar:7.17.18]",
"at org.elasticsearch.common.util.concurrent.ThreadContext$ContextPreservingAbstractRunnable.doRun(ThreadContext.java:777) [elasticsearch-7.17.18.jar:7.17.18]",
"at org.elasticsearch.common.util.concurrent.AbstractRunnable.run(AbstractRunnable.java:26) [elasticsearch-7.17.18.jar:7.17.18]",
"at java.util.concurrent.ThreadPoolExecutor.runWorker(ThreadPoolExecutor.java:1144) [?:?]",
"at java.util.concurrent.ThreadPoolExecutor$Worker.run(ThreadPoolExecutor.java:642) [?:?]",
"at java.lang.Thread.run(Thread.java:1583) [?:?]"] }
{"type": "server", "timestamp": "2024-06-25T21:15:06,230Z", "level": "INFO", "component": "o.e.i.g.DatabaseNodeService", "cluster.name": "metronome", "node.name": "metronome-master-0", "message": "retrieve geoip database [GeoLite2-Country.mmdb] from [.geoip_databases] to [/tmp/elasticsearch-6636883568163332202/geoip-databases/krXOj3SKQU2zVqLQcTxyCQ/GeoLite2-Country.mmdb.tmp.gz]", "cluster.uuid": "5mhYGyMsTcWw8KBrK1Tnrw", "node.id": "krXOj3SKQU2zVqLQcTxyCQ"  }
{"type": "server", "timestamp": "2024-06-25T21:15:06,232Z", "level": "INFO", "component": "o.e.i.g.DatabaseNodeService", "cluster.name": "metronome", "node.name": "metronome-master-0", "message": "retrieve geoip database [GeoLite2-City.mmdb] from [.geoip_databases] to [/tmp/elasticsearch-6636883568163332202/geoip-databases/krXOj3SKQU2zVqLQcTxyCQ/GeoLite2-City.mmdb.tmp.gz]", "cluster.uuid": "5mhYGyMsTcWw8KBrK1Tnrw", "node.id": "krXOj3SKQU2zVqLQcTxyCQ"  }
{"type": "server", "timestamp": "2024-06-25T21:15:06,232Z", "level": "INFO", "component": "o.e.i.g.DatabaseNodeService", "cluster.name": "metronome", "node.name": "metronome-master-0", "message": "retrieve geoip database [GeoLite2-ASN.mmdb] from [.geoip_databases] to [/tmp/elasticsearch-6636883568163332202/geoip-databases/krXOj3SKQU2zVqLQcTxyCQ/GeoLite2-ASN.mmdb.tmp.gz]", "cluster.uuid": "5mhYGyMsTcWw8KBrK1Tnrw", "node.id": "krXOj3SKQU2zVqLQcTxyCQ"  }
{"type": "server", "timestamp": "2024-06-25T21:15:07,720Z", "level": "INFO", "component": "o.e.i.g.DatabaseNodeService", "cluster.name": "metronome", "node.name": "metronome-master-0", "message": "successfully reloaded changed geoip database file [/tmp/elasticsearch-6636883568163332202/geoip-databases/krXOj3SKQU2zVqLQcTxyCQ/GeoLite2-Country.mmdb]", "cluster.uuid": "5mhYGyMsTcWw8KBrK1Tnrw", "node.id": "krXOj3SKQU2zVqLQcTxyCQ"  }
{"type": "server", "timestamp": "2024-06-25T21:15:07,912Z", "level": "INFO", "component": "o.e.i.g.DatabaseNodeService", "cluster.name": "metronome", "node.name": "metronome-master-0", "message": "successfully reloaded changed geoip database file [/tmp/elasticsearch-6636883568163332202/geoip-databases/krXOj3SKQU2zVqLQcTxyCQ/GeoLite2-ASN.mmdb]", "cluster.uuid": "5mhYGyMsTcWw8KBrK1Tnrw", "node.id": "krXOj3SKQU2zVqLQcTxyCQ"  }
{"type": "server", "timestamp": "2024-06-25T21:15:10,018Z", "level": "INFO", "component": "o.e.i.g.DatabaseNodeService", "cluster.name": "metronome", "node.name": "metronome-master-0", "message": "successfully reloaded changed geoip database file [/tmp/elasticsearch-6636883568163332202/geoip-databases/krXOj3SKQU2zVqLQcTxyCQ/GeoLite2-City.mmdb]", "cluster.uuid": "5mhYGyMsTcWw8KBrK1Tnrw", "node.id": "krXOj3SKQU2zVqLQcTxyCQ"  }
{"type": "server", "timestamp": "2024-06-25T21:15:14,228Z", "level": "INFO", "component": "o.e.c.r.a.AllocationService", "cluster.name": "metronome", "node.name": "metronome-master-0", "message": "Cluster health status changed from [RED] to [YELLOW] (reason: [shards started [[conceptval__radus_scaledagile_mabb__fppg9n1qltf0b6h8_7][0], [conceptdef_concepts][0]]]).", "cluster.uuid": "5mhYGyMsTcWw8KBrK1Tnrw", "node.id": "krXOj3SKQU2zVqLQcTxyCQ"  }
{"type": "server", "timestamp": "2024-06-25T21:15:24,056Z", "level": "INFO", "component": "o.e.c.r.a.AllocationService", "cluster.name": "metronome", "node.name": "metronome-master-0", "message": "updating number_of_replicas to [1] for indices [.ds-.logs-deprecation.elasticsearch-default-2024.05.31-000021, .ds-ilm-history-5-2024.03.02-000014, .ds-ilm-history-5-2024.04.01-000016, .ds-ilm-history-5-2024.05.31-000020, .ds-ilm-history-5-2024.05.01-000018, .ds-.logs-deprecation.elasticsearch-default-2024.05.01-000019, .geoip_databases]", "cluster.uuid": "5mhYGyMsTcWw8KBrK1Tnrw", "node.id": "krXOj3SKQU2zVqLQcTxyCQ"  }
{"type": "server", "timestamp": "2024-06-25T21:15:24,057Z", "level": "INFO", "component": "o.e.c.s.MasterService", "cluster.name": "metronome", "node.name": "metronome-master-0", "message": "node-join[{metronome-master-1}{IoeugadkQl-sktd1-0VM6Q}{VXTQPdNcSp-6YnGC0hqkww}{192.168.69.241}{192.168.69.241:9300}{cdhilmrstw} join existing leader], term: 108, version: 14733, delta: added {{metronome-master-1}{IoeugadkQl-sktd1-0VM6Q}{VXTQPdNcSp-6YnGC0hqkww}{192.168.69.241}{192.168.69.241:9300}{cdhilmrstw}}", "cluster.uuid": "5mhYGyMsTcWw8KBrK1Tnrw", "node.id": "krXOj3SKQU2zVqLQcTxyCQ"  }
{"type": "server", "timestamp": "2024-06-25T21:15:24,956Z", "level": "INFO", "component": "o.e.c.s.ClusterApplierService", "cluster.name": "metronome", "node.name": "metronome-master-0", "message": "added {{metronome-master-1}{IoeugadkQl-sktd1-0VM6Q}{VXTQPdNcSp-6YnGC0hqkww}{192.168.69.241}{192.168.69.241:9300}{cdhilmrstw}}, term: 108, version: 14733, reason: Publication{term=108, version=14733}", "cluster.uuid": "5mhYGyMsTcWw8KBrK1Tnrw", "node.id": "krXOj3SKQU2zVqLQcTxyCQ"  }
{"type": "server", "timestamp": "2024-06-25T21:15:25,929Z", "level": "WARN", "component": "o.e.c.r.a.AllocationService", "cluster.name": "metronome", "node.name": "metronome-master-0", "message": "[.ds-ilm-history-5-2024.04.01-000016][0] marking unavailable shards as stale: [jz-zSzgTSeWINkc_TLEXOw]", "cluster.uuid": "5mhYGyMsTcWw8KBrK1Tnrw", "node.id": "krXOj3SKQU2zVqLQcTxyCQ"  }
{"type": "server", "timestamp": "2024-06-25T21:15:26,397Z", "level": "WARN", "component": "o.e.c.r.a.AllocationService", "cluster.name": "metronome", "node.name": "metronome-master-0", "message": "[conceptval__radus_scaledagile_pp8nv-zczzapa44b3qe-h4_8][0] marking unavailable shards as stale: [fpeQzyHAR6Gy4SQ7FD7HMw]", "cluster.uuid": "5mhYGyMsTcWw8KBrK1Tnrw", "node.id": "krXOj3SKQU2zVqLQcTxyCQ"  }
{"type": "server", "timestamp": "2024-06-25T21:15:27,564Z", "level": "WARN", "component": "o.e.c.r.a.AllocationService", "cluster.name": "metronome", "node.name": "metronome-master-0", "message": "[.ds-ilm-history-5-2024.05.01-000018][0] marking unavailable shards as stale: [4I3oRScZT36eduBgmTBFpg]", "cluster.uuid": "5mhYGyMsTcWw8KBrK1Tnrw", "node.id": "krXOj3SKQU2zVqLQcTxyCQ"  }
{"type": "server", "timestamp": "2024-06-25T21:15:27,675Z", "level": "WARN", "component": "o.e.c.r.a.AllocationService", "cluster.name": "metronome", "node.name": "metronome-master-0", "message": "[.ds-.logs-deprecation.elasticsearch-default-2024.05.01-000019][0] marking unavailable shards as stale: [Cp0G4M3PQCSZHP0gCXZ_ew]", "cluster.uuid": "5mhYGyMsTcWw8KBrK1Tnrw", "node.id": "krXOj3SKQU2zVqLQcTxyCQ"  }
{"type": "server", "timestamp": "2024-06-25T21:15:28,547Z", "level": "WARN", "component": "o.e.c.r.a.AllocationService", "cluster.name": "metronome", "node.name": "metronome-master-0", "message": "[conceptval__radus_scaledagile_vkkju02attaxi4ffp_g8h3_1][0] marking unavailable shards as stale: [a4da9V-DTKugHmiD7Drpyg]", "cluster.uuid": "5mhYGyMsTcWw8KBrK1Tnrw", "node.id": "krXOj3SKQU2zVqLQcTxyCQ"  }
{"type": "server", "timestamp": "2024-06-25T21:15:28,772Z", "level": "WARN", "component": "o.e.c.r.a.AllocationService", "cluster.name": "metronome", "node.name": "metronome-master-0", "message": "[.ds-ilm-history-5-2024.03.02-000014][0] marking unavailable shards as stale: [WSym-IxiT6CozaUIPc6w-A]", "cluster.uuid": "5mhYGyMsTcWw8KBrK1Tnrw", "node.id": "krXOj3SKQU2zVqLQcTxyCQ"  }
{"type": "server", "timestamp": "2024-06-25T21:15:28,846Z", "level": "WARN", "component": "o.e.c.r.a.AllocationService", "cluster.name": "metronome", "node.name": "metronome-master-0", "message": "[conceptval__radus_scaledagile_sczitza6bv8omkbo3sjkn4_3][0] marking unavailable shards as stale: [QX3_WZteSB-gU8zpXhfJCw]", "cluster.uuid": "5mhYGyMsTcWw8KBrK1Tnrw", "node.id": "krXOj3SKQU2zVqLQcTxyCQ"  }
{"type": "server", "timestamp": "2024-06-25T21:15:29,237Z", "level": "WARN", "component": "o.e.c.r.a.AllocationService", "cluster.name": "metronome", "node.name": "metronome-master-0", "message": "[conceptval__radus_scaledagile_lptkz5_y3lby8ajmspe-h9_2][0] marking unavailable shards as stale: [VxypxYMPR0eBGLXMBTQcXg]", "cluster.uuid": "5mhYGyMsTcWw8KBrK1Tnrw", "node.id": "krXOj3SKQU2zVqLQcTxyCQ"  }
{"type": "server", "timestamp": "2024-06-25T21:15:29,693Z", "level": "WARN", "component": "o.e.c.r.a.AllocationService", "cluster.name": "metronome", "node.name": "metronome-master-0", "message": "[conceptval__radus_scaledagile_pvtj3tfytjaw9km6uepfu8_8][0] marking unavailable shards as stale: [-rrf2kEVRtWCaHweGlNXJA]", "cluster.uuid": "5mhYGyMsTcWw8KBrK1Tnrw", "node.id": "krXOj3SKQU2zVqLQcTxyCQ"  }
{"type": "server", "timestamp": "2024-06-25T21:15:30,139Z", "level": "WARN", "component": "o.e.c.r.a.AllocationService", "cluster.name": "metronome", "node.name": "metronome-master-0", "message": "[conceptval__radus_scaledagile_lpdl0etjxoaszkjlha8zp1_3][0] marking unavailable shards as stale: [PVDid5JvQkmvFNYXb57Cgg]", "cluster.uuid": "5mhYGyMsTcWw8KBrK1Tnrw", "node.id": "krXOj3SKQU2zVqLQcTxyCQ"  }
{"type": "server", "timestamp": "2024-06-25T21:15:30,364Z", "level": "WARN", "component": "o.e.c.r.a.AllocationService", "cluster.name": "metronome", "node.name": "metronome-master-0", "message": "[conceptval__radus_scaledagile_lavei6nrz8aasagx6zxur5_1][0] marking unavailable shards as stale: [ybUZzdZJRt6PRXM2cbHK0g]", "cluster.uuid": "5mhYGyMsTcWw8KBrK1Tnrw", "node.id": "krXOj3SKQU2zVqLQcTxyCQ"  }
{"type": "server", "timestamp": "2024-06-25T21:15:30,435Z", "level": "WARN", "component": "o.e.c.r.a.AllocationService", "cluster.name": "metronome", "node.name": "metronome-master-0", "message": "[conceptval__radus_scaledagile_lood_af-ehbpjqylcioa01_1][0] marking unavailable shards as stale: [Lwna-DliSJCfJFeU4qGlOw]", "cluster.uuid": "5mhYGyMsTcWw8KBrK1Tnrw", "node.id": "krXOj3SKQU2zVqLQcTxyCQ"  }
{"type": "server", "timestamp": "2024-06-25T21:15:30,841Z", "level": "WARN", "component": "o.e.c.r.a.AllocationService", "cluster.name": "metronome", "node.name": "metronome-master-0", "message": "[conceptval__radus_scaledagile_g0rqsoevqua8iax6qn5gb7_10][0] marking unavailable shards as stale: [LsmeYsjySTK-01BpC7JHXQ]", "cluster.uuid": "5mhYGyMsTcWw8KBrK1Tnrw", "node.id": "krXOj3SKQU2zVqLQcTxyCQ"  }
{"type": "server", "timestamp": "2024-06-25T21:15:31,092Z", "level": "WARN", "component": "o.e.c.r.a.AllocationService", "cluster.name": "metronome", "node.name": "metronome-master-0", "message": "[conceptval__radus_scaledagile_abssdh_mnhb1bkr7jmxyvf_2][0] marking unavailable shards as stale: [DbaRbFG5RyGKizHmLKq_DQ]", "cluster.uuid": "5mhYGyMsTcWw8KBrK1Tnrw", "node.id": "krXOj3SKQU2zVqLQcTxyCQ"  }
{"type": "server", "timestamp": "2024-06-25T21:15:31,372Z", "level": "WARN", "component": "o.e.c.r.a.AllocationService", "cluster.name": "metronome", "node.name": "metronome-master-0", "message": "[conceptval__radus_scaledagile_7xuhhal8guat54h9rpjpbe_5][0] marking unavailable shards as stale: [VKXyJeVgT02EXR5LErBAKQ]", "cluster.uuid": "5mhYGyMsTcWw8KBrK1Tnrw", "node.id": "krXOj3SKQU2zVqLQcTxyCQ"  }
{"type": "server", "timestamp": "2024-06-25T21:15:31,450Z", "level": "WARN", "component": "o.e.c.r.a.AllocationService", "cluster.name": "metronome", "node.name": "metronome-master-0", "message": "[conceptval__radus_scaledagile_gucutmp8fzaftaji0l1zl0_6][0] marking unavailable shards as stale: [kuA6EaThQpSpfxOPbYFIkQ]", "cluster.uuid": "5mhYGyMsTcWw8KBrK1Tnrw", "node.id": "krXOj3SKQU2zVqLQcTxyCQ"  }
{"type": "server", "timestamp": "2024-06-25T21:15:31,751Z", "level": "WARN", "component": "o.e.c.r.a.AllocationService", "cluster.name": "metronome", "node.name": "metronome-master-0", "message": "[conceptval__radus_scaledagile_5vtopin6rvbqmkrlofya87_1][0] marking unavailable shards as stale: [2mW3U0NaTuOAAGcaRDDJNA]", "cluster.uuid": "5mhYGyMsTcWw8KBrK1Tnrw", "node.id": "krXOj3SKQU2zVqLQcTxyCQ"  }
{"type": "server", "timestamp": "2024-06-25T21:15:31,919Z", "level": "WARN", "component": "o.e.c.r.a.AllocationService", "cluster.name": "metronome", "node.name": "metronome-master-0", "message": "[conceptval__radus_scaledagile_44ypetja2daebk1gwociif_7][0] marking unavailable shards as stale: [kSeAxB5zRsOvizK9sAtMBQ]", "cluster.uuid": "5mhYGyMsTcWw8KBrK1Tnrw", "node.id": "krXOj3SKQU2zVqLQcTxyCQ"  }
{"type": "server", "timestamp": "2024-06-25T21:15:32,139Z", "level": "WARN", "component": "o.e.c.r.a.AllocationService", "cluster.name": "metronome", "node.name": "metronome-master-0", "message": "[conceptval__radus_admin_0j8og2o6ac9dak13kjsyib_2][0] marking unavailable shards as stale: [cqgElo6hSvi_yMpfOdsLxw]", "cluster.uuid": "5mhYGyMsTcWw8KBrK1Tnrw", "node.id": "krXOj3SKQU2zVqLQcTxyCQ"  }
{"type": "server", "timestamp": "2024-06-25T21:15:32,245Z", "level": "WARN", "component": "o.e.c.r.a.AllocationService", "cluster.name": "metronome", "node.name": "metronome-master-0", "message": "[conceptval__common_univ_w8trt7aonl93wkv3agekd8_1][0] marking unavailable shards as stale: [qXwVPsGXQzuUB053HgeZ6A]", "cluster.uuid": "5mhYGyMsTcWw8KBrK1Tnrw", "node.id": "krXOj3SKQU2zVqLQcTxyCQ"  }
{"type": "server", "timestamp": "2024-06-25T21:15:32,574Z", "level": "WARN", "component": "o.e.c.r.a.AllocationService", "cluster.name": "metronome", "node.name": "metronome-master-0", "message": "[conceptval__common_core_xzfoy2wmodbeaqjilhqiy5_1][0] marking unavailable shards as stale: [R5wHigeHQs206DIPPFANPQ]", "cluster.uuid": "5mhYGyMsTcWw8KBrK1Tnrw", "node.id": "krXOj3SKQU2zVqLQcTxyCQ"  }
{"type": "server", "timestamp": "2024-06-25T21:15:32,761Z", "level": "WARN", "component": "o.e.c.r.a.AllocationService", "cluster.name": "metronome", "node.name": "metronome-master-0", "message": "[conceptval__common_core_w4tunwrur5b2uaaksxajea_1][0] marking unavailable shards as stale: [76NlliXwSo20SSwOyc8hfw]", "cluster.uuid": "5mhYGyMsTcWw8KBrK1Tnrw", "node.id": "krXOj3SKQU2zVqLQcTxyCQ"  }
{"type": "server", "timestamp": "2024-06-25T21:15:33,011Z", "level": "WARN", "component": "o.e.c.r.a.AllocationService", "cluster.name": "metronome", "node.name": "metronome-master-0", "message": "[conceptval__common_gallery_epqscoyiey8ci4q03xzvuc_1][0] marking unavailable shards as stale: [xVkOmfJNS3-jJzcTB8dpFg]", "cluster.uuid": "5mhYGyMsTcWw8KBrK1Tnrw", "node.id": "krXOj3SKQU2zVqLQcTxyCQ"  }
{"type": "server", "timestamp": "2024-06-25T21:15:33,052Z", "level": "WARN", "component": "o.e.c.r.a.AllocationService", "cluster.name": "metronome", "node.name": "metronome-master-0", "message": "[conceptval__common_core_tbzpj-cllh8g24tvwl_k8e_2][0] marking unavailable shards as stale: [RLIgcrW6R3i54qJPnoChgA]", "cluster.uuid": "5mhYGyMsTcWw8KBrK1Tnrw", "node.id": "krXOj3SKQU2zVqLQcTxyCQ"  }
{"type": "server", "timestamp": "2024-06-25T21:15:33,416Z", "level": "WARN", "component": "o.e.c.r.a.AllocationService", "cluster.name": "metronome", "node.name": "metronome-master-0", "message": "[conceptval__common_core_tbzpj-cllh8g24tvwl_k8e_1][0] marking unavailable shards as stale: [ozKkD8cBSwG4h6FpSRiVtg]", "cluster.uuid": "5mhYGyMsTcWw8KBrK1Tnrw", "node.id": "krXOj3SKQU2zVqLQcTxyCQ"  }
{"type": "server", "timestamp": "2024-06-25T21:15:33,638Z", "level": "WARN", "component": "o.e.c.r.a.AllocationService", "cluster.name": "metronome", "node.name": "metronome-master-0", "message": "[conceptval__common_core_nxfwelpdrva4faz54d1kf8_1][0] marking unavailable shards as stale: [eVJAgomzSWKR5nbvb4DARA]", "cluster.uuid": "5mhYGyMsTcWw8KBrK1Tnrw", "node.id": "krXOj3SKQU2zVqLQcTxyCQ"  }
{"type": "server", "timestamp": "2024-06-25T21:15:33,851Z", "level": "WARN", "component": "o.e.c.r.a.AllocationService", "cluster.name": "metronome", "node.name": "metronome-master-0", "message": "[conceptval__common_core_h1fg5dhfpq8re4muuuuqr8_1][0] marking unavailable shards as stale: [gEmd7Qx9T6-4gmMhzlG9XQ]", "cluster.uuid": "5mhYGyMsTcWw8KBrK1Tnrw", "node.id": "krXOj3SKQU2zVqLQcTxyCQ"  }
{"type": "server", "timestamp": "2024-06-25T21:15:33,931Z", "level": "WARN", "component": "o.e.c.r.a.AllocationService", "cluster.name": "metronome", "node.name": "metronome-master-0", "message": "[conceptval__common_core_pi2p3hhxwxagwagtvldnuc_1][0] marking unavailable shards as stale: [adoViH1iTEWRU0TxRSDv8A]", "cluster.uuid": "5mhYGyMsTcWw8KBrK1Tnrw", "node.id": "krXOj3SKQU2zVqLQcTxyCQ"  }
{"type": "server", "timestamp": "2024-06-25T21:15:34,235Z", "level": "WARN", "component": "o.e.c.r.a.AllocationService", "cluster.name": "metronome", "node.name": "metronome-master-0", "message": "[conceptval__common_core_g01wxgipqn8xk4xu_ik7h1_1][0] marking unavailable shards as stale: [Ptk4V6M4Tq2RE4Ic9QdtzQ]", "cluster.uuid": "5mhYGyMsTcWw8KBrK1Tnrw", "node.id": "krXOj3SKQU2zVqLQcTxyCQ"  }
{"type": "server", "timestamp": "2024-06-25T21:15:34,468Z", "level": "WARN", "component": "o.e.c.r.a.AllocationService", "cluster.name": "metronome", "node.name": "metronome-master-0", "message": "[conceptval__common_core_erm4tbvk7fbzgkplmatcd0_2][0] marking unavailable shards as stale: [e5AFhpAjQ5GEUTbQdYFdXQ]", "cluster.uuid": "5mhYGyMsTcWw8KBrK1Tnrw", "node.id": "krXOj3SKQU2zVqLQcTxyCQ"  }
{"type": "server", "timestamp": "2024-06-25T21:15:34,628Z", "level": "WARN", "component": "o.e.c.r.a.AllocationService", "cluster.name": "metronome", "node.name": "metronome-master-0", "message": "[conceptval__common_core_erm4tbvk7fbzgkplmatcd0_1][0] marking unavailable shards as stale: [nbygTQ_dSs2b4yfQDiVUIQ]", "cluster.uuid": "5mhYGyMsTcWw8KBrK1Tnrw", "node.id": "krXOj3SKQU2zVqLQcTxyCQ"  }
{"type": "server", "timestamp": "2024-06-25T21:15:34,664Z", "level": "WARN", "component": "o.e.c.r.a.AllocationService", "cluster.name": "metronome", "node.name": "metronome-master-0", "message": "[conceptval__common_core_g01wxgipqn8xk4xu_ik7h1_2][0] marking unavailable shards as stale: [0mJAW1IARNOPxXf1f2Oy4Q]", "cluster.uuid": "5mhYGyMsTcWw8KBrK1Tnrw", "node.id": "krXOj3SKQU2zVqLQcTxyCQ"  }
{"type": "server", "timestamp": "2024-06-25T21:15:34,928Z", "level": "WARN", "component": "o.e.c.r.a.AllocationService", "cluster.name": "metronome", "node.name": "metronome-master-0", "message": "[conceptval__common_core_edrh2nsv8ub1aqtljcxas4_2][0] marking unavailable shards as stale: [j2e9olLPQyyDj2T83XAx3Q]", "cluster.uuid": "5mhYGyMsTcWw8KBrK1Tnrw", "node.id": "krXOj3SKQU2zVqLQcTxyCQ"  }
{"type": "server", "timestamp": "2024-06-25T21:15:35,016Z", "level": "WARN", "component": "o.e.c.r.a.AllocationService", "cluster.name": "metronome", "node.name": "metronome-master-0", "message": "[conceptval__common_core_edrh2nsv8ub1aqtljcxas4_1][0] marking unavailable shards as stale: [BhIPhbUDSHKN94BHY0f2IQ]", "cluster.uuid": "5mhYGyMsTcWw8KBrK1Tnrw", "node.id": "krXOj3SKQU2zVqLQcTxyCQ"  }
{"type": "server", "timestamp": "2024-06-25T21:15:35,262Z", "level": "WARN", "component": "o.e.c.r.a.AllocationService", "cluster.name": "metronome", "node.name": "metronome-master-0", "message": "[conceptval__common_core_cpyttjtlkpa__koiplko39_1][0] marking unavailable shards as stale: [Yt_VWHwUS4GGKJxIx5xxXA]", "cluster.uuid": "5mhYGyMsTcWw8KBrK1Tnrw", "node.id": "krXOj3SKQU2zVqLQcTxyCQ"  }
{"type": "server", "timestamp": "2024-06-25T21:15:35,355Z", "level": "WARN", "component": "o.e.c.r.a.AllocationService", "cluster.name": "metronome", "node.name": "metronome-master-0", "message": "[conceptval__common_core_cehr8wpszp8wyaiij92442_1][0] marking unavailable shards as stale: [95W4hCFFSS6UkXycfsnvsw]", "cluster.uuid": "5mhYGyMsTcWw8KBrK1Tnrw", "node.id": "krXOj3SKQU2zVqLQcTxyCQ"  }
{"type": "server", "timestamp": "2024-06-25T21:15:35,611Z", "level": "WARN", "component": "o.e.c.r.a.AllocationService", "cluster.name": "metronome", "node.name": "metronome-master-0", "message": "[conceptval__common_core_8ua2o4dtfo8otqmjpp489c_1][0] marking unavailable shards as stale: [HaQvzohoTw6v3bGTRulErQ]", "cluster.uuid": "5mhYGyMsTcWw8KBrK1Tnrw", "node.id": "krXOj3SKQU2zVqLQcTxyCQ"  }
{"type": "server", "timestamp": "2024-06-25T21:15:35,717Z", "level": "WARN", "component": "o.e.c.r.a.AllocationService", "cluster.name": "metronome", "node.name": "metronome-master-0", "message": "[conceptval__common_core_-wy4gpjc9nafj4oa4nhq_1_1][0] marking unavailable shards as stale: [1PfqXLEUQ5Cu8riAep2cfw]", "cluster.uuid": "5mhYGyMsTcWw8KBrK1Tnrw", "node.id": "krXOj3SKQU2zVqLQcTxyCQ"  }
{"type": "server", "timestamp": "2024-06-25T21:15:35,942Z", "level": "WARN", "component": "o.e.c.r.a.AllocationService", "cluster.name": "metronome", "node.name": "metronome-master-0", "message": "[conceptval__common_core_-1hniyayzwaduqbpxxdlt7_2][0] marking unavailable shards as stale: [6AR61b3QQd-M--HbF6ZBag]", "cluster.uuid": "5mhYGyMsTcWw8KBrK1Tnrw", "node.id": "krXOj3SKQU2zVqLQcTxyCQ"  }
{"type": "server", "timestamp": "2024-06-25T21:15:36,041Z", "level": "WARN", "component": "o.e.c.r.a.AllocationService", "cluster.name": "metronome", "node.name": "metronome-master-0", "message": "[conceptval__common_admin_tjs-xy42lo8qf4twdxpmwf_3][0] marking unavailable shards as stale: [Tmdv-WTYRHKxYVaSi71YNw]", "cluster.uuid": "5mhYGyMsTcWw8KBrK1Tnrw", "node.id": "krXOj3SKQU2zVqLQcTxyCQ"  }
{"type": "server", "timestamp": "2024-06-25T21:15:36,220Z", "level": "WARN", "component": "o.e.c.r.a.AllocationService", "cluster.name": "metronome", "node.name": "metronome-master-0", "message": "[conceptval__common_admin_tjs-xy42lo8qf4twdxpmwf_1][0] marking unavailable shards as stale: [dYbSQ1iUSrqbdhqPM2H-cA]", "cluster.uuid": "5mhYGyMsTcWw8KBrK1Tnrw", "node.id": "krXOj3SKQU2zVqLQcTxyCQ"  }
{"type": "server", "timestamp": "2024-06-25T21:15:36,449Z", "level": "WARN", "component": "o.e.c.r.a.AllocationService", "cluster.name": "metronome", "node.name": "metronome-master-0", "message": "[conceptval__common_admin_4ddzcsvd_nbznaqbf4qtf2_1][0] marking unavailable shards as stale: [s-LGkFlSRwShfF75SeuwIA]", "cluster.uuid": "5mhYGyMsTcWw8KBrK1Tnrw", "node.id": "krXOj3SKQU2zVqLQcTxyCQ"  }
{"type": "server", "timestamp": "2024-06-25T21:15:36,651Z", "level": "WARN", "component": "o.e.c.r.a.AllocationService", "cluster.name": "metronome", "node.name": "metronome-master-0", "message": "[conceptval__common_admin_-ojvq7iu8taxaafmiqvy6c_1][0] marking unavailable shards as stale: [FvkGvH3YQAGPW3xg78g1bA]", "cluster.uuid": "5mhYGyMsTcWw8KBrK1Tnrw", "node.id": "krXOj3SKQU2zVqLQcTxyCQ"  }
{"type": "server", "timestamp": "2024-06-25T21:15:36,716Z", "level": "WARN", "component": "o.e.c.r.a.AllocationService", "cluster.name": "metronome", "node.name": "metronome-master-0", "message": "[conceptval__common_admin_q1iexnxfl-bmokrp2ngar6_1][0] marking unavailable shards as stale: [tc-4KVmGROGJHD5Ly_nOGA]", "cluster.uuid": "5mhYGyMsTcWw8KBrK1Tnrw", "node.id": "krXOj3SKQU2zVqLQcTxyCQ"  }
{"type": "server", "timestamp": "2024-06-25T21:15:37,009Z", "level": "WARN", "component": "o.e.c.r.a.AllocationService", "cluster.name": "metronome", "node.name": "metronome-master-0", "message": "[conceptval__cloud_ide_vqjeqyiwo2bap4ciphzbo7_1][0] marking unavailable shards as stale: [BHK3cx-ySEuS6UPVei9nsQ]", "cluster.uuid": "5mhYGyMsTcWw8KBrK1Tnrw", "node.id": "krXOj3SKQU2zVqLQcTxyCQ"  }
{"type": "server", "timestamp": "2024-06-25T21:15:37,086Z", "level": "WARN", "component": "o.e.c.r.a.AllocationService", "cluster.name": "metronome", "node.name": "metronome-master-0", "message": "[conceptval__cloud_ide_tre6hwidql8cl48v6sidm9_6][0] marking unavailable shards as stale: [af17l_4qRfGWPF_ro61wrw]", "cluster.uuid": "5mhYGyMsTcWw8KBrK1Tnrw", "node.id": "krXOj3SKQU2zVqLQcTxyCQ"  }
{"type": "server", "timestamp": "2024-06-25T21:15:37,369Z", "level": "WARN", "component": "o.e.c.r.a.AllocationService", "cluster.name": "metronome", "node.name": "metronome-master-0", "message": "[conceptval__cloud_ide_tre6hwidql8cl48v6sidm9_1][0] marking unavailable shards as stale: [wDWdUFbKSs6hlQ6mVxlVAw]", "cluster.uuid": "5mhYGyMsTcWw8KBrK1Tnrw", "node.id": "krXOj3SKQU2zVqLQcTxyCQ"  }
{"type": "server", "timestamp": "2024-06-25T21:15:37,483Z", "level": "WARN", "component": "o.e.c.r.a.AllocationService", "cluster.name": "metronome", "node.name": "metronome-master-0", "message": "[conceptval__cloud_ide_djy5rkhateakoq-qz19jj6_9][0] marking unavailable shards as stale: [8saxOAacSWKrHlvYPdSeIQ]", "cluster.uuid": "5mhYGyMsTcWw8KBrK1Tnrw", "node.id": "krXOj3SKQU2zVqLQcTxyCQ"  }
{"type": "server", "timestamp": "2024-06-25T21:15:37,717Z", "level": "WARN", "component": "o.e.c.r.a.AllocationService", "cluster.name": "metronome", "node.name": "metronome-master-0", "message": "[conceptval__cloud_ide_8db9j-hg4tbkxacdj8loa3_10][0] marking unavailable shards as stale: [4GaQ8xIYToWedwb5w7Q_pw]", "cluster.uuid": "5mhYGyMsTcWw8KBrK1Tnrw", "node.id": "krXOj3SKQU2zVqLQcTxyCQ"  }
{"type": "server", "timestamp": "2024-06-25T21:15:37,817Z", "level": "WARN", "component": "o.e.c.r.a.AllocationService", "cluster.name": "metronome", "node.name": "metronome-master-0", "message": "[conceptval__cloud_ide_8db9j-hg4tbkxacdj8loa3_1][0] marking unavailable shards as stale: [-EHhUqEqQ36E0RWcn5YHIw]", "cluster.uuid": "5mhYGyMsTcWw8KBrK1Tnrw", "node.id": "krXOj3SKQU2zVqLQcTxyCQ"  }
{"type": "server", "timestamp": "2024-06-25T21:15:37,987Z", "level": "WARN", "component": "o.e.c.r.a.AllocationService", "cluster.name": "metronome", "node.name": "metronome-master-0", "message": "[conceptval__cloud_ide_2z3n1iwekc9qkk55vlu0k9_1][0] marking unavailable shards as stale: [wQ-BL1UDRj6XF3PuPzGxmQ]", "cluster.uuid": "5mhYGyMsTcWw8KBrK1Tnrw", "node.id": "krXOj3SKQU2zVqLQcTxyCQ"  }
{"type": "server", "timestamp": "2024-06-25T21:15:38,042Z", "level": "WARN", "component": "o.e.c.r.a.AllocationService", "cluster.name": "metronome", "node.name": "metronome-master-0", "message": "[conceptval__cloud_ide_-hn0e86lr3aj340bj2sp8a_1][0] marking unavailable shards as stale: [8DkCwqfHT8WD-LZWLdBznQ]", "cluster.uuid": "5mhYGyMsTcWw8KBrK1Tnrw", "node.id": "krXOj3SKQU2zVqLQcTxyCQ"  }
{"type": "server", "timestamp": "2024-06-25T21:15:38,409Z", "level": "WARN", "component": "o.e.c.r.a.AllocationService", "cluster.name": "metronome", "node.name": "metronome-master-0", "message": "[.ds-ilm-history-5-2024.05.31-000020][0] marking unavailable shards as stale: [x8l1HwXhQzyux6qFX0GGMQ]", "cluster.uuid": "5mhYGyMsTcWw8KBrK1Tnrw", "node.id": "krXOj3SKQU2zVqLQcTxyCQ"  }
{"type": "server", "timestamp": "2024-06-25T21:15:38,704Z", "level": "WARN", "component": "o.e.c.r.a.AllocationService", "cluster.name": "metronome", "node.name": "metronome-master-0", "message": "[.ds-.logs-deprecation.elasticsearch-default-2024.05.31-000021][0] marking unavailable shards as stale: [_tmp0kYcT7CG7BLXRh7TSg]", "cluster.uuid": "5mhYGyMsTcWw8KBrK1Tnrw", "node.id": "krXOj3SKQU2zVqLQcTxyCQ"  }
{"type": "server", "timestamp": "2024-06-25T21:15:39,166Z", "level": "WARN", "component": "o.e.c.r.a.AllocationService", "cluster.name": "metronome", "node.name": "metronome-master-0", "message": "[conceptval__radus_scaledagile_vkkju02attaxi4ffp_g8h3_3][0] marking unavailable shards as stale: [YsqELFmOQa-JamFWVcFBhA]", "cluster.uuid": "5mhYGyMsTcWw8KBrK1Tnrw", "node.id": "krXOj3SKQU2zVqLQcTxyCQ"  }
{"type": "server", "timestamp": "2024-06-25T21:15:39,353Z", "level": "WARN", "component": "o.e.c.r.a.AllocationService", "cluster.name": "metronome", "node.name": "metronome-master-0", "message": "[.geoip_databases][0] marking unavailable shards as stale: [TffBXX6PR6qPuVaC-E3PIA]", "cluster.uuid": "5mhYGyMsTcWw8KBrK1Tnrw", "node.id": "krXOj3SKQU2zVqLQcTxyCQ"  }
{"type": "server", "timestamp": "2024-06-25T21:15:39,405Z", "level": "WARN", "component": "o.e.c.r.a.AllocationService", "cluster.name": "metronome", "node.name": "metronome-master-0", "message": "[conceptval__radus_scaledagile_vkkju02attaxi4ffp_g8h3_4][0] marking unavailable shards as stale: [Y2wKkNedQPGDAajb953AUg]", "cluster.uuid": "5mhYGyMsTcWw8KBrK1Tnrw", "node.id": "krXOj3SKQU2zVqLQcTxyCQ"  }
{"type": "server", "timestamp": "2024-06-25T21:15:40,119Z", "level": "WARN", "component": "o.e.c.r.a.AllocationService", "cluster.name": "metronome", "node.name": "metronome-master-0", "message": "[conceptval__radus_scaledagile_xqumdwmbpd96s4xqf_hiub_1][0] marking unavailable shards as stale: [9aja_kbRQxuUCpgDo2wxrQ]", "cluster.uuid": "5mhYGyMsTcWw8KBrK1Tnrw", "node.id": "krXOj3SKQU2zVqLQcTxyCQ"  }
{"type": "server", "timestamp": "2024-06-25T21:15:40,267Z", "level": "WARN", "component": "o.e.c.r.a.AllocationService", "cluster.name": "metronome", "node.name": "metronome-master-0", "message": "[conceptval__radus_scaledagile_s9v3mqvfjvafrq90vncw32_2][0] marking unavailable shards as stale: [eqtnL4QgSQGqQtoOVb42VQ]", "cluster.uuid": "5mhYGyMsTcWw8KBrK1Tnrw", "node.id": "krXOj3SKQU2zVqLQcTxyCQ"  }
{"type": "server", "timestamp": "2024-06-25T21:15:40,375Z", "level": "WARN", "component": "o.e.c.r.a.AllocationService", "cluster.name": "metronome", "node.name": "metronome-master-0", "message": "[conceptval__radus_scaledagile_gmtljgbzbe8jb4xo8zove6_1][0] marking unavailable shards as stale: [LWQjPTt2T8-qZ5oFXrkcJQ]", "cluster.uuid": "5mhYGyMsTcWw8KBrK1Tnrw", "node.id": "krXOj3SKQU2zVqLQcTxyCQ"  }
{"type": "server", "timestamp": "2024-06-25T21:15:40,614Z", "level": "WARN", "component": "o.e.c.r.a.AllocationService", "cluster.name": "metronome", "node.name": "metronome-master-0", "message": "[conceptval__radus_scaledagile_gmccy74h_ubseqhae227uc_5][0] marking unavailable shards as stale: [ToDVKZGtTYmld2RedGBUGQ]", "cluster.uuid": "5mhYGyMsTcWw8KBrK1Tnrw", "node.id": "krXOj3SKQU2zVqLQcTxyCQ"  }
{"type": "server", "timestamp": "2024-06-25T21:15:40,770Z", "level": "WARN", "component": "o.e.c.r.a.AllocationService", "cluster.name": "metronome", "node.name": "metronome-master-0", "message": "[conceptval__radus_scaledagile_9eofexcmzgb8_alsshzpe4_14][0] marking unavailable shards as stale: [8wdVd-_dRTyptyRgnnel_Q]", "cluster.uuid": "5mhYGyMsTcWw8KBrK1Tnrw", "node.id": "krXOj3SKQU2zVqLQcTxyCQ"  }
{"type": "server", "timestamp": "2024-06-25T21:15:41,096Z", "level": "WARN", "component": "o.e.c.r.a.AllocationService", "cluster.name": "metronome", "node.name": "metronome-master-0", "message": "[conceptval__radus_scaledagile_5mpapi0f1zaueqlnw5klpb_10][0] marking unavailable shards as stale: [c3wOGXx7S_KXs3Ll79vrNQ]", "cluster.uuid": "5mhYGyMsTcWw8KBrK1Tnrw", "node.id": "krXOj3SKQU2zVqLQcTxyCQ"  }
{"type": "server", "timestamp": "2024-06-25T21:15:41,175Z", "level": "WARN", "component": "o.e.c.r.a.AllocationService", "cluster.name": "metronome", "node.name": "metronome-master-0", "message": "[conceptval__radus_scaledagile_4m_1xelroxaerqucehqnf5_2][0] marking unavailable shards as stale: [UIsK1Cr9TGiTgkE1PQzmLg]", "cluster.uuid": "5mhYGyMsTcWw8KBrK1Tnrw", "node.id": "krXOj3SKQU2zVqLQcTxyCQ"  }
{"type": "server", "timestamp": "2024-06-25T21:15:41,391Z", "level": "WARN", "component": "o.e.c.r.a.AllocationService", "cluster.name": "metronome", "node.name": "metronome-master-0", "message": "[conceptval__cloud_ide_hl1kk5alyg96zkfv-d-8dd_1][0] marking unavailable shards as stale: [FFRx-m_ZTP6en9Mq8Ic2WA]", "cluster.uuid": "5mhYGyMsTcWw8KBrK1Tnrw", "node.id": "krXOj3SKQU2zVqLQcTxyCQ"  }
{"type": "server", "timestamp": "2024-06-25T21:15:41,655Z", "level": "WARN", "component": "o.e.c.r.a.AllocationService", "cluster.name": "metronome", "node.name": "metronome-master-0", "message": "[conceptval__radus_scaledagile_mabb__fppg9n1qltf0b6h8_7][0] marking unavailable shards as stale: [fKGmD3-bQ-CEaWIp2Dmy_g]", "cluster.uuid": "5mhYGyMsTcWw8KBrK1Tnrw", "node.id": "krXOj3SKQU2zVqLQcTxyCQ"  }
{"type": "server", "timestamp": "2024-06-25T21:15:41,913Z", "level": "WARN", "component": "o.e.c.r.a.AllocationService", "cluster.name": "metronome", "node.name": "metronome-master-0", "message": "[conceptdef_concepts][0] marking unavailable shards as stale: [XVvD5dw5SjGPHGA3Ai4Qmg]", "cluster.uuid": "5mhYGyMsTcWw8KBrK1Tnrw", "node.id": "krXOj3SKQU2zVqLQcTxyCQ"  }
{"type": "server", "timestamp": "2024-06-25T21:15:42,156Z", "level": "INFO", "component": "o.e.c.r.a.AllocationService", "cluster.name": "metronome", "node.name": "metronome-master-0", "message": "Cluster health status changed from [YELLOW] to [GREEN] (reason: [shards started [[conceptdef_concepts][0]]]).", "cluster.uuid": "5mhYGyMsTcWw8KBrK1Tnrw", "node.id": "krXOj3SKQU2zVqLQcTxyCQ"  }
